mode: set
github.com/seppaleinen/infermesh/pkg/protocol/serialize.go:10.2,11.16 2 0
github.com/seppaleinen/infermesh/pkg/protocol/serialize.go:12.3,13.1 1 0
github.com/seppaleinen/infermesh/pkg/protocol/serialize.go:14.2,14.26 1 0
github.com/seppaleinen/infermesh/pkg/protocol/serialize.go:19.2,22.1 3 0
github.com/seppaleinen/infermesh/pkg/protocol/serialize.go:29.2,29.33 1 1
github.com/seppaleinen/infermesh/pkg/protocol/serialize.go:30.3,31.1 1 1
github.com/seppaleinen/infermesh/pkg/protocol/serialize.go:32.2,32.12 1 1
github.com/seppaleinen/infermesh/pkg/protocol/serialize.go:38.2,39.16 2 1
github.com/seppaleinen/infermesh/pkg/protocol/serialize.go:40.3,41.1 1 0
github.com/seppaleinen/infermesh/pkg/protocol/serialize.go:42.2,43.45 2 1
github.com/seppaleinen/infermesh/pkg/protocol/serialize.go:44.3,45.1 1 1
github.com/seppaleinen/infermesh/pkg/protocol/serialize.go:46.2,46.15 1 1
github.com/seppaleinen/infermesh/pkg/protocol/serialize.go:51.2,54.1 3 1
github.com/seppaleinen/infermesh/pkg/protocol/serialize.go:59.2,66.1 1 1
github.com/seppaleinen/infermesh/pkg/protocol/ws.go:46.2,47.20 2 1
github.com/seppaleinen/infermesh/pkg/protocol/ws.go:48.3,49.17 2 1
github.com/seppaleinen/infermesh/pkg/protocol/ws.go:50.4,51.1 1 0
github.com/seppaleinen/infermesh/pkg/protocol/ws.go:52.3,52.13 1 1
github.com/seppaleinen/infermesh/pkg/protocol/ws.go:54.2,54.65 1 1
github.com/seppaleinen/infermesh/pkg/protocol/ws.go:59.2,59.25 1 1
github.com/seppaleinen/infermesh/pkg/protocol/ws.go:60.3,61.1 1 0
github.com/seppaleinen/infermesh/pkg/protocol/ws.go:62.2,62.37 1 1
github.com/seppaleinen/infermesh/pkg/protocol/ws.go:69.2,70.43 2 1
github.com/seppaleinen/infermesh/pkg/protocol/ws.go:71.3,72.1 1 1
github.com/seppaleinen/infermesh/pkg/protocol/ws.go:73.2,73.49 1 0
github.com/seppaleinen/infermesh/pkg/registry/config.go:17.2,21.1 1 1
github.com/seppaleinen/infermesh/pkg/registry/config.go:26.2,26.38 1 1
github.com/seppaleinen/infermesh/pkg/registry/config.go:27.3,28.1 1 1
github.com/seppaleinen/infermesh/pkg/registry/config.go:29.2,29.36 1 1
github.com/seppaleinen/infermesh/pkg/registry/config.go:30.3,31.1 1 1
github.com/seppaleinen/infermesh/pkg/registry/config.go:32.2,32.44 1 1
github.com/seppaleinen/infermesh/pkg/registry/config.go:33.3,34.1 1 1
github.com/seppaleinen/infermesh/pkg/registry/config.go:35.2,35.12 1 1
github.com/seppaleinen/infermesh/pkg/registry/memory.go:37.2,37.39 1 1
github.com/seppaleinen/infermesh/pkg/registry/memory.go:38.3,39.1 1 1
github.com/seppaleinen/infermesh/pkg/registry/memory.go:40.2,45.8 1 1
github.com/seppaleinen/infermesh/pkg/registry/memory.go:50.2,54.1 4 1
github.com/seppaleinen/infermesh/pkg/registry/memory.go:58.2,61.1 4 1
github.com/seppaleinen/infermesh/pkg/registry/memory.go:62.2,62.6 4 1
github.com/seppaleinen/infermesh/pkg/registry/memory.go:63.3,63.10 1 1
github.com/seppaleinen/infermesh/pkg/registry/memory.go:65.4,65.10 1 1
github.com/seppaleinen/infermesh/pkg/registry/memory.go:67.4,67.18 1 1
github.com/seppaleinen/infermesh/pkg/registry/memory.go:74.2,77.1 4 1
github.com/seppaleinen/infermesh/pkg/registry/memory.go:78.2,78.35 4 1
github.com/seppaleinen/infermesh/pkg/registry/memory.go:79.3,80.1 2 1
github.com/seppaleinen/infermesh/pkg/registry/memory.go:81.3,81.31 2 1
github.com/seppaleinen/infermesh/pkg/registry/memory.go:82.4,86.1 4 1
github.com/seppaleinen/infermesh/pkg/registry/memory.go:86.10,86.62 1 1
github.com/seppaleinen/infermesh/pkg/registry/memory.go:87.4,92.1 5 1
github.com/seppaleinen/infermesh/pkg/registry/memory.go:98.2,99.1 7 1
github.com/seppaleinen/infermesh/pkg/registry/memory.go:100.2,102.1 7 1
github.com/seppaleinen/infermesh/pkg/registry/memory.go:103.2,106.1 7 1
github.com/seppaleinen/infermesh/pkg/registry/memory.go:107.2,107.20 7 1
github.com/seppaleinen/infermesh/pkg/registry/memory.go:109.3,109.14 1 1
github.com/seppaleinen/infermesh/pkg/registry/memory.go:110.4,114.1 4 1
github.com/seppaleinen/infermesh/pkg/registry/memory.go:115.4,118.1 4 1
github.com/seppaleinen/infermesh/pkg/registry/memory.go:120.4,124.1 5 1
github.com/seppaleinen/infermesh/pkg/registry/memory.go:125.4,125.45 5 1
github.com/seppaleinen/infermesh/pkg/registry/memory.go:126.5,129.1 3 1
github.com/seppaleinen/infermesh/pkg/registry/memory.go:130.5,132.1 2 1
github.com/seppaleinen/infermesh/pkg/registry/memory.go:136.3,136.13 1 1
github.com/seppaleinen/infermesh/pkg/registry/memory.go:137.4,141.1 4 1
github.com/seppaleinen/infermesh/pkg/registry/memory.go:144.3,144.13 1 1
github.com/seppaleinen/infermesh/pkg/registry/memory.go:145.4,145.23 1 1
github.com/seppaleinen/infermesh/pkg/registry/memory.go:146.5,151.1 5 1
github.com/seppaleinen/infermesh/pkg/registry/memory.go:155.2,155.12 1 1
github.com/seppaleinen/infermesh/pkg/registry/memory.go:160.2,163.9 4 1
github.com/seppaleinen/infermesh/pkg/registry/memory.go:164.3,165.1 1 1
github.com/seppaleinen/infermesh/pkg/registry/memory.go:166.2,166.25 1 1
github.com/seppaleinen/infermesh/pkg/registry/memory.go:171.2,174.34 4 1
github.com/seppaleinen/infermesh/pkg/registry/memory.go:175.3,176.1 1 1
github.com/seppaleinen/infermesh/pkg/registry/memory.go:177.2,177.15 1 1
github.com/seppaleinen/infermesh/pkg/registry/memory.go:182.2,185.34 4 1
github.com/seppaleinen/infermesh/pkg/registry/memory.go:186.3,186.22 1 1
github.com/seppaleinen/infermesh/pkg/registry/memory.go:187.4,188.1 1 1
github.com/seppaleinen/infermesh/pkg/registry/memory.go:190.2,190.15 1 1
github.com/seppaleinen/infermesh/pkg/registry/memory.go:195.2,200.1 5 1
github.com/seppaleinen/infermesh/pkg/registry/memory.go:204.2,204.9 1 1
github.com/seppaleinen/infermesh/pkg/registry/memory.go:205.25,205.25 0 1
github.com/seppaleinen/infermesh/pkg/registry/memory.go:206.10,206.10 0 0
github.com/seppaleinen/infermesh/pkg/registry/memory.go:213.2,215.28 3 1
github.com/seppaleinen/infermesh/pkg/registry/memory.go:216.3,216.10 1 1
github.com/seppaleinen/infermesh/pkg/registry/memory.go:217.20,217.20 0 1
github.com/seppaleinen/infermesh/pkg/registry/memory.go:218.11,218.11 0 0
github.com/seppaleinen/infermesh/pkg/registry/memory.go:226.2,226.21 1 1
github.com/seppaleinen/infermesh/pkg/registry/memory.go:227.3,228.1 1 1
github.com/seppaleinen/infermesh/pkg/registry/memory.go:229.2,231.12 3 1
github.com/seppaleinen/infermesh/pkg/scheduler/scheduler.go:82.2,89.1 1 1
github.com/seppaleinen/infermesh/pkg/scheduler/scheduler.go:95.2,102.1 1 1
github.com/seppaleinen/infermesh/pkg/scheduler/scheduler.go:107.2,108.1 1 1
github.com/seppaleinen/infermesh/pkg/scheduler/scheduler.go:112.2,113.1 1 1
github.com/seppaleinen/infermesh/pkg/scheduler/scheduler.go:119.2,119.57 1 1
github.com/seppaleinen/infermesh/pkg/scheduler/scheduler.go:120.3,121.1 1 1
github.com/seppaleinen/infermesh/pkg/scheduler/scheduler.go:124.2,125.31 2 1
github.com/seppaleinen/infermesh/pkg/scheduler/scheduler.go:126.3,126.45 1 1
github.com/seppaleinen/infermesh/pkg/scheduler/scheduler.go:127.4,128.9 2 1
github.com/seppaleinen/infermesh/pkg/scheduler/scheduler.go:131.2,131.18 1 1
github.com/seppaleinen/infermesh/pkg/scheduler/scheduler.go:132.3,133.1 1 1
github.com/seppaleinen/infermesh/pkg/scheduler/scheduler.go:136.2,136.19 1 1
github.com/seppaleinen/infermesh/pkg/scheduler/scheduler.go:137.3,138.1 1 1
github.com/seppaleinen/infermesh/pkg/scheduler/scheduler.go:141.2,141.73 1 1
github.com/seppaleinen/infermesh/pkg/scheduler/scheduler.go:142.3,143.1 1 1
github.com/seppaleinen/infermesh/pkg/scheduler/scheduler.go:146.2,146.68 1 1
github.com/seppaleinen/infermesh/pkg/scheduler/scheduler.go:147.3,148.1 1 1
github.com/seppaleinen/infermesh/pkg/scheduler/scheduler.go:149.2,149.68 1 1
github.com/seppaleinen/infermesh/pkg/scheduler/scheduler.go:150.3,151.1 1 1
github.com/seppaleinen/infermesh/pkg/scheduler/scheduler.go:156.2,157.78 2 1
github.com/seppaleinen/infermesh/pkg/scheduler/scheduler.go:158.3,159.1 1 1
github.com/seppaleinen/infermesh/pkg/scheduler/scheduler.go:162.3,163.1 1 1
github.com/seppaleinen/infermesh/pkg/scheduler/scheduler.go:166.2,167.28 2 1
github.com/seppaleinen/infermesh/pkg/scheduler/scheduler.go:168.3,169.1 2 1
github.com/seppaleinen/infermesh/pkg/scheduler/scheduler.go:170.3,170.26 2 1
github.com/seppaleinen/infermesh/pkg/scheduler/scheduler.go:171.4,172.1 1 0
github.com/seppaleinen/infermesh/pkg/scheduler/scheduler.go:175.3,176.1 1 1
github.com/seppaleinen/infermesh/pkg/scheduler/scheduler.go:179.2,180.28 2 1
github.com/seppaleinen/infermesh/pkg/scheduler/scheduler.go:182.3,183.23 2 1
github.com/seppaleinen/infermesh/pkg/scheduler/scheduler.go:184.4,185.1 1 0
github.com/seppaleinen/infermesh/pkg/scheduler/scheduler.go:186.3,186.23 1 1
github.com/seppaleinen/infermesh/pkg/scheduler/scheduler.go:187.4,188.1 1 0
github.com/seppaleinen/infermesh/pkg/scheduler/scheduler.go:191.3,192.1 1 1
github.com/seppaleinen/infermesh/pkg/scheduler/scheduler.go:196.2,197.28 2 1
github.com/seppaleinen/infermesh/pkg/scheduler/scheduler.go:199.3,200.26 2 1
github.com/seppaleinen/infermesh/pkg/scheduler/scheduler.go:201.4,202.1 1 0
github.com/seppaleinen/infermesh/pkg/scheduler/scheduler.go:203.3,203.26 1 1
github.com/seppaleinen/infermesh/pkg/scheduler/scheduler.go:204.4,205.1 1 0
github.com/seppaleinen/infermesh/pkg/scheduler/scheduler.go:208.3,209.1 1 1
github.com/seppaleinen/infermesh/pkg/scheduler/scheduler.go:213.2,214.30 2 1
github.com/seppaleinen/infermesh/pkg/scheduler/scheduler.go:216.3,217.23 2 1
github.com/seppaleinen/infermesh/pkg/scheduler/scheduler.go:218.4,219.1 1 0
github.com/seppaleinen/infermesh/pkg/scheduler/scheduler.go:220.3,220.23 1 1
github.com/seppaleinen/infermesh/pkg/scheduler/scheduler.go:221.4,222.1 1 0
github.com/seppaleinen/infermesh/pkg/scheduler/scheduler.go:225.3,226.1 1 1
github.com/seppaleinen/infermesh/pkg/scheduler/scheduler.go:230.2,235.1 2 1
github.com/seppaleinen/infermesh/pkg/scheduler/scheduler.go:237.2,237.15 2 1
github.com/seppaleinen/infermesh/pkg/scheduler/scheduler.go:238.3,239.1 1 0
github.com/seppaleinen/infermesh/pkg/scheduler/scheduler.go:240.2,240.15 1 1
github.com/seppaleinen/infermesh/pkg/scheduler/scheduler.go:241.3,242.1 1 0
github.com/seppaleinen/infermesh/pkg/scheduler/scheduler.go:243.2,243.19 1 1
github.com/seppaleinen/infermesh/pkg/scheduler/scheduler.go:251.2,251.21 1 1
github.com/seppaleinen/infermesh/pkg/scheduler/scheduler.go:252.3,253.1 1 1
github.com/seppaleinen/infermesh/pkg/scheduler/scheduler.go:256.2,256.25 1 1
github.com/seppaleinen/infermesh/pkg/scheduler/scheduler.go:257.3,258.1 1 1
github.com/seppaleinen/infermesh/pkg/scheduler/scheduler.go:261.2,267.1 4 1
github.com/seppaleinen/infermesh/pkg/scheduler/scheduler.go:270.2,272.1 4 1
github.com/seppaleinen/infermesh/pkg/scheduler/scheduler.go:274.2,274.32 4 1
github.com/seppaleinen/infermesh/pkg/scheduler/scheduler.go:275.3,276.1 1 1
github.com/seppaleinen/infermesh/pkg/scheduler/scheduler.go:279.2,279.25 1 1
github.com/seppaleinen/infermesh/pkg/scheduler/scheduler.go:286.2,286.25 1 1
github.com/seppaleinen/infermesh/pkg/scheduler/scheduler.go:287.3,288.1 1 1
github.com/seppaleinen/infermesh/pkg/scheduler/scheduler.go:291.2,297.1 4 1
github.com/seppaleinen/infermesh/pkg/scheduler/scheduler.go:299.2,301.1 4 1
github.com/seppaleinen/infermesh/pkg/scheduler/scheduler.go:303.2,303.32 4 1
github.com/seppaleinen/infermesh/pkg/scheduler/scheduler.go:304.3,305.1 1 1
github.com/seppaleinen/infermesh/pkg/scheduler/scheduler.go:309.2,309.21 1 1
github.com/seppaleinen/infermesh/pkg/scheduler/scheduler.go:311.3,313.1 2 1
github.com/seppaleinen/infermesh/pkg/scheduler/scheduler.go:316.2,316.12 1 1
github.com/seppaleinen/infermesh/pkg/scheduler/scheduler.go:321.2,321.25 1 1
github.com/seppaleinen/infermesh/pkg/scheduler/scheduler.go:322.3,323.1 1 0
github.com/seppaleinen/infermesh/pkg/scheduler/scheduler.go:324.2,325.28 2 1
github.com/seppaleinen/infermesh/pkg/scheduler/scheduler.go:326.3,326.52 1 1
github.com/seppaleinen/infermesh/pkg/scheduler/scheduler.go:327.4,328.1 1 1
github.com/seppaleinen/infermesh/pkg/scheduler/scheduler.go:330.2,330.15 1 1
github.com/seppaleinen/infermesh/pkg/scheduler/scheduler.go:335.2,336.28 2 1
github.com/seppaleinen/infermesh/pkg/scheduler/scheduler.go:337.3,337.30 1 1
github.com/seppaleinen/infermesh/pkg/scheduler/scheduler.go:338.4,338.39 1 1
github.com/seppaleinen/infermesh/pkg/scheduler/scheduler.go:339.5,340.10 2 1
github.com/seppaleinen/infermesh/pkg/scheduler/scheduler.go:344.2,344.15 1 1
github.com/seppaleinen/infermesh/pkg/scheduler/scheduler.go:349.2,350.28 2 1
github.com/seppaleinen/infermesh/pkg/scheduler/scheduler.go:351.3,351.64 1 1
github.com/seppaleinen/infermesh/pkg/scheduler/scheduler.go:352.4,352.12 1 1
github.com/seppaleinen/infermesh/pkg/scheduler/scheduler.go:354.3,354.64 1 1
github.com/seppaleinen/infermesh/pkg/scheduler/scheduler.go:355.4,355.12 1 1
github.com/seppaleinen/infermesh/pkg/scheduler/scheduler.go:357.3,357.29 1 1
github.com/seppaleinen/infermesh/pkg/scheduler/scheduler.go:359.2,359.15 1 1
github.com/seppaleinen/infermesh/pkg/scheduler/scheduler.go:366.2,366.23 1 1
github.com/seppaleinen/infermesh/pkg/scheduler/scheduler.go:367.3,368.1 1 1
github.com/seppaleinen/infermesh/pkg/scheduler/scheduler.go:371.2,372.25 2 1
github.com/seppaleinen/infermesh/pkg/scheduler/scheduler.go:373.3,374.1 1 1
github.com/seppaleinen/infermesh/pkg/scheduler/scheduler.go:376.2,379.1 4 1
github.com/seppaleinen/infermesh/pkg/scheduler/scheduler.go:380.2,380.30 4 1
github.com/seppaleinen/infermesh/pkg/scheduler/scheduler.go:381.3,382.17 2 1
github.com/seppaleinen/infermesh/pkg/scheduler/scheduler.go:384.4,384.12 1 1
github.com/seppaleinen/infermesh/pkg/scheduler/scheduler.go:386.3,386.34 1 1
github.com/seppaleinen/infermesh/pkg/scheduler/scheduler.go:387.4,390.1 3 1
github.com/seppaleinen/infermesh/pkg/scheduler/scheduler.go:393.2,393.12 1 1
github.com/seppaleinen/infermesh/pkg/scheduler/scheduler.go:395.3,396.1 1 1
github.com/seppaleinen/infermesh/pkg/scheduler/scheduler.go:398.2,403.8 2 1
github.com/seppaleinen/infermesh/pkg/scheduler/scheduler.go:408.2,409.1 1 1
github.com/seppaleinen/infermesh/pkg/scheduler/scheduler.go:413.2,414.1 1 0
github.com/seppaleinen/infermesh/pkg/capabilities/aggregator.go:23.2,23.16 1 1
github.com/seppaleinen/infermesh/pkg/capabilities/aggregator.go:24.3,25.1 1 1
github.com/seppaleinen/infermesh/pkg/capabilities/aggregator.go:26.2,31.1 2 1
github.com/seppaleinen/infermesh/pkg/capabilities/aggregator.go:36.2,37.1 4 1
github.com/seppaleinen/infermesh/pkg/capabilities/aggregator.go:38.2,39.1 4 1
github.com/seppaleinen/infermesh/pkg/capabilities/aggregator.go:41.2,42.16 4 1
github.com/seppaleinen/infermesh/pkg/capabilities/aggregator.go:43.3,44.1 1 0
github.com/seppaleinen/infermesh/pkg/capabilities/aggregator.go:44.9,44.76 1 1
github.com/seppaleinen/infermesh/pkg/capabilities/aggregator.go:45.3,51.1 2 0
github.com/seppaleinen/infermesh/pkg/capabilities/aggregator.go:52.3,55.1 2 0
github.com/seppaleinen/infermesh/pkg/capabilities/aggregator.go:57.3,63.1 1 1
github.com/seppaleinen/infermesh/pkg/capabilities/aggregator.go:67.2,68.16 2 1
github.com/seppaleinen/infermesh/pkg/capabilities/aggregator.go:69.3,70.1 1 0
github.com/seppaleinen/infermesh/pkg/capabilities/aggregator.go:70.9,70.26 1 1
github.com/seppaleinen/infermesh/pkg/capabilities/aggregator.go:71.3,71.35 1 0
github.com/seppaleinen/infermesh/pkg/capabilities/aggregator.go:72.4,73.1 1 0
github.com/seppaleinen/infermesh/pkg/capabilities/aggregator.go:77.2,78.16 2 1
github.com/seppaleinen/infermesh/pkg/capabilities/aggregator.go:79.3,80.1 1 0
github.com/seppaleinen/infermesh/pkg/capabilities/aggregator.go:81.2,82.1 3 1
github.com/seppaleinen/infermesh/pkg/capabilities/aggregator.go:84.2,85.16 3 1
github.com/seppaleinen/infermesh/pkg/capabilities/aggregator.go:86.3,87.1 1 0
github.com/seppaleinen/infermesh/pkg/capabilities/aggregator.go:88.3,91.1 1 1
github.com/seppaleinen/infermesh/pkg/capabilities/aggregator.go:94.2,98.1 5 1
github.com/seppaleinen/infermesh/pkg/capabilities/aggregator.go:99.2,99.18 5 1
github.com/seppaleinen/infermesh/pkg/capabilities/aggregator.go:104.2,107.1 3 0
github.com/seppaleinen/infermesh/pkg/capabilities/aggregator.go:113.2,113.38 1 1
github.com/seppaleinen/infermesh/pkg/capabilities/aggregator.go:114.3,115.1 1 0
github.com/seppaleinen/infermesh/pkg/capabilities/aggregator.go:117.2,119.1 3 1
github.com/seppaleinen/infermesh/pkg/capabilities/aggregator.go:120.2,120.6 3 1
github.com/seppaleinen/infermesh/pkg/capabilities/aggregator.go:121.3,121.10 1 1
github.com/seppaleinen/infermesh/pkg/capabilities/aggregator.go:123.4,123.10 1 0
github.com/seppaleinen/infermesh/pkg/capabilities/aggregator.go:125.4,125.40 1 1
github.com/seppaleinen/infermesh/pkg/capabilities/aggregator.go:126.5,127.1 1 0
github.com/seppaleinen/infermesh/pkg/capabilities/aggregator.go:134.2,137.1 3 1
github.com/seppaleinen/infermesh/pkg/capabilities/config.go:17.2,22.1 1 1
github.com/seppaleinen/infermesh/pkg/capabilities/config.go:27.2,27.23 1 1
github.com/seppaleinen/infermesh/pkg/capabilities/config.go:28.3,29.1 1 1
github.com/seppaleinen/infermesh/pkg/capabilities/config.go:30.2,30.22 1 1
github.com/seppaleinen/infermesh/pkg/capabilities/config.go:31.3,32.1 1 1
github.com/seppaleinen/infermesh/pkg/capabilities/config.go:33.2,33.28 1 1
github.com/seppaleinen/infermesh/pkg/capabilities/config.go:34.3,35.1 1 1
github.com/seppaleinen/infermesh/pkg/capabilities/config.go:36.2,36.12 1 1
github.com/seppaleinen/infermesh/pkg/capabilities/engines.go:18.2,19.1 3 1
github.com/seppaleinen/infermesh/pkg/capabilities/engines.go:21.2,26.1 3 1
github.com/seppaleinen/infermesh/pkg/capabilities/engines.go:28.2,28.38 3 1
github.com/seppaleinen/infermesh/pkg/capabilities/engines.go:29.3,29.98 1 1
github.com/seppaleinen/infermesh/pkg/capabilities/engines.go:30.4,31.47 2 1
github.com/seppaleinen/infermesh/pkg/capabilities/engines.go:32.5,33.1 1 0
github.com/seppaleinen/infermesh/pkg/capabilities/engines.go:38.2,39.37 2 1
github.com/seppaleinen/infermesh/pkg/capabilities/engines.go:40.3,41.1 1 0
github.com/seppaleinen/infermesh/pkg/capabilities/engines.go:44.2,45.31 2 1
github.com/seppaleinen/infermesh/pkg/capabilities/engines.go:46.3,47.1 1 0
github.com/seppaleinen/infermesh/pkg/capabilities/engines.go:49.2,49.23 1 1
github.com/seppaleinen/infermesh/pkg/capabilities/engines.go:50.3,51.1 1 1
github.com/seppaleinen/infermesh/pkg/capabilities/engines.go:53.2,53.21 1 0
github.com/seppaleinen/infermesh/pkg/capabilities/engines.go:58.2,59.1 3 1
github.com/seppaleinen/infermesh/pkg/capabilities/engines.go:60.2,61.16 3 1
github.com/seppaleinen/infermesh/pkg/capabilities/engines.go:62.3,63.1 1 1
github.com/seppaleinen/infermesh/pkg/capabilities/engines.go:65.2,65.32 1 0
github.com/seppaleinen/infermesh/pkg/capabilities/engines.go:66.3,66.43 1 0
github.com/seppaleinen/infermesh/pkg/capabilities/engines.go:67.4,67.12 1 0
github.com/seppaleinen/infermesh/pkg/capabilities/engines.go:70.3,71.60 2 0
github.com/seppaleinen/infermesh/pkg/capabilities/engines.go:72.4,72.12 1 0
github.com/seppaleinen/infermesh/pkg/capabilities/engines.go:75.3,77.17 3 0
github.com/seppaleinen/infermesh/pkg/capabilities/engines.go:78.4,78.12 1 0
github.com/seppaleinen/infermesh/pkg/capabilities/engines.go:81.3,82.94 2 0
github.com/seppaleinen/infermesh/pkg/capabilities/engines.go:83.4,83.41 1 0
github.com/seppaleinen/infermesh/pkg/capabilities/engines.go:84.5,85.10 2 0
github.com/seppaleinen/infermesh/pkg/capabilities/engines.go:90.2,90.16 1 0
github.com/seppaleinen/infermesh/pkg/capabilities/gpu.go:13.2,14.1 1 1
github.com/seppaleinen/infermesh/pkg/capabilities/gpu.go:45.2,51.1 1 0
github.com/seppaleinen/infermesh/pkg/capabilities/gpu.go:56.2,57.9 2 1
github.com/seppaleinen/infermesh/pkg/capabilities/gpu.go:58.3,59.1 1 1
github.com/seppaleinen/infermesh/pkg/capabilities/gpu.go:60.2,60.14 1 1
github.com/seppaleinen/infermesh/pkg/capabilities/metrics.go:31.2,32.16 2 0
github.com/seppaleinen/infermesh/pkg/capabilities/metrics.go:33.3,34.1 1 0
github.com/seppaleinen/infermesh/pkg/capabilities/metrics.go:36.2,38.1 3 0
github.com/seppaleinen/infermesh/pkg/capabilities/metrics.go:39.2,39.69 3 0
github.com/seppaleinen/infermesh/pkg/capabilities/metrics.go:41.3,44.1 3 0
github.com/seppaleinen/infermesh/pkg/capabilities/metrics.go:46.2,55.8 1 0
github.com/seppaleinen/infermesh/pkg/capabilities/metrics.go:60.2,61.16 2 1
github.com/seppaleinen/infermesh/pkg/capabilities/metrics.go:62.3,63.1 1 0
github.com/seppaleinen/infermesh/pkg/capabilities/metrics.go:65.2,70.8 1 1
github.com/seppaleinen/infermesh/pkg/capabilities/models.go:31.2,32.16 2 1
github.com/seppaleinen/infermesh/pkg/capabilities/models.go:33.3,33.25 1 1
github.com/seppaleinen/infermesh/pkg/capabilities/models.go:34.4,35.1 1 1
github.com/seppaleinen/infermesh/pkg/capabilities/models.go:36.3,36.59 1 0
github.com/seppaleinen/infermesh/pkg/capabilities/models.go:39.2,40.54 2 1
github.com/seppaleinen/infermesh/pkg/capabilities/models.go:41.3,42.1 1 1
github.com/seppaleinen/infermesh/pkg/capabilities/models.go:44.2,44.21 1 1
github.com/seppaleinen/infermesh/pkg/capabilities/models.go:49.2,56.1 1 0
github.com/seppaleinen/infermesh/pkg/capabilities/models.go:61.2,62.1 3 0
github.com/seppaleinen/infermesh/pkg/capabilities/models.go:63.2,64.16 3 0
github.com/seppaleinen/infermesh/pkg/capabilities/models.go:65.3,65.25 1 0
github.com/seppaleinen/infermesh/pkg/capabilities/models.go:66.4,67.1 1 0
github.com/seppaleinen/infermesh/pkg/capabilities/models.go:68.3,68.56 1 0
github.com/seppaleinen/infermesh/pkg/capabilities/models.go:71.2,71.32 1 0
github.com/seppaleinen/infermesh/pkg/capabilities/models.go:72.3,72.20 1 0
github.com/seppaleinen/infermesh/pkg/capabilities/models.go:73.4,73.12 1 0
github.com/seppaleinen/infermesh/pkg/capabilities/models.go:75.3,76.38 2 0
github.com/seppaleinen/infermesh/pkg/capabilities/models.go:77.4,77.12 1 0
github.com/seppaleinen/infermesh/pkg/capabilities/models.go:80.3,81.17 2 0
github.com/seppaleinen/infermesh/pkg/capabilities/models.go:82.4,83.1 1 0
github.com/seppaleinen/infermesh/pkg/capabilities/models.go:84.3,84.20 1 0
github.com/seppaleinen/infermesh/pkg/capabilities/models.go:85.4,86.1 1 0
github.com/seppaleinen/infermesh/pkg/capabilities/models.go:89.2,89.46 1 0
github.com/seppaleinen/infermesh/pkg/capabilities/models.go:94.2,101.1 2 1
github.com/seppaleinen/infermesh/pkg/capabilities/models.go:102.2,103.1 2 1
github.com/seppaleinen/infermesh/pkg/capabilities/models.go:110.2,111.109 2 1
github.com/seppaleinen/infermesh/pkg/capabilities/models.go:112.3,112.33 1 1
github.com/seppaleinen/infermesh/pkg/capabilities/models.go:114.4,115.1 1 1
github.com/seppaleinen/infermesh/pkg/capabilities/models.go:117.2,117.11 1 1
github.com/seppaleinen/infermesh/pkg/wsutil/wsutil.go:60.2,60.18 1 1
github.com/seppaleinen/infermesh/pkg/wsutil/wsutil.go:61.3,62.1 1 1
github.com/seppaleinen/infermesh/pkg/wsutil/wsutil.go:63.2,64.16 2 1
github.com/seppaleinen/infermesh/pkg/wsutil/wsutil.go:65.3,66.1 1 0
github.com/seppaleinen/infermesh/pkg/wsutil/wsutil.go:67.2,70.1 2 1
github.com/seppaleinen/infermesh/pkg/wsutil/wsutil.go:72.2,72.41 2 1
github.com/seppaleinen/infermesh/pkg/wsutil/wsutil.go:73.3,74.1 1 0
github.com/seppaleinen/infermesh/pkg/wsutil/wsutil.go:75.2,76.16 2 1
github.com/seppaleinen/infermesh/pkg/wsutil/wsutil.go:77.3,78.1 1 0
github.com/seppaleinen/infermesh/pkg/wsutil/wsutil.go:79.2,80.16 2 1
github.com/seppaleinen/infermesh/pkg/wsutil/wsutil.go:90.2,91.63 1 1
github.com/seppaleinen/infermesh/pkg/wsutil/wsutil.go:91.65,91.77 1 1
github.com/seppaleinen/infermesh/pkg/wsutil/wsutil.go:93.4,95.1 2 1
github.com/seppaleinen/infermesh/pkg/wsutil/wsutil.go:101.2,102.1 1 1
github.com/seppaleinen/infermesh/pkg/wsutil/wsutil.go:107.2,108.48 2 1
github.com/seppaleinen/infermesh/pkg/wsutil/wsutil.go:109.3,110.1 1 1
github.com/seppaleinen/infermesh/pkg/wsutil/wsutil.go:111.2,111.12 1 1
github.com/seppaleinen/infermesh/pkg/wsutil/wsutil.go:116.2,117.1 1 1
github.com/seppaleinen/infermesh/pkg/wsutil/wsutil.go:121.2,122.1 1 1
github.com/seppaleinen/infermesh/pkg/wsutil/wsutil.go:126.2,127.1 1 1
github.com/seppaleinen/infermesh/pkg/wsutil/wsutil.go:133.2,133.15 1 1
github.com/seppaleinen/infermesh/pkg/wsutil/wsutil.go:134.3,135.1 1 1
github.com/seppaleinen/infermesh/pkg/wsutil/wsutil.go:136.2,136.12 1 1
github.com/seppaleinen/infermesh/pkg/wsutil/wsutil.go:141.2,142.1 1 0
github.com/seppaleinen/infermesh/pkg/discovery/config.go:23.2,31.1 1 1
github.com/seppaleinen/infermesh/pkg/discovery/config.go:36.2,39.1 3 1
github.com/seppaleinen/infermesh/pkg/discovery/config.go:43.2,43.25 1 1
github.com/seppaleinen/infermesh/pkg/discovery/config.go:44.3,45.1 1 1
github.com/seppaleinen/infermesh/pkg/discovery/config.go:46.2,46.20 1 1
github.com/seppaleinen/infermesh/pkg/discovery/config.go:47.3,48.1 1 1
github.com/seppaleinen/infermesh/pkg/discovery/config.go:49.2,49.37 1 1
github.com/seppaleinen/infermesh/pkg/discovery/config.go:50.3,51.1 1 1
github.com/seppaleinen/infermesh/pkg/discovery/config.go:52.2,52.43 1 1
github.com/seppaleinen/infermesh/pkg/discovery/config.go:53.3,54.1 1 1
github.com/seppaleinen/infermesh/pkg/discovery/config.go:55.2,55.36 1 1
github.com/seppaleinen/infermesh/pkg/discovery/config.go:56.3,57.1 1 1
github.com/seppaleinen/infermesh/pkg/discovery/config.go:58.2,58.12 1 1
github.com/seppaleinen/infermesh/pkg/discovery/factory.go:19.2,19.17 1 1
github.com/seppaleinen/infermesh/pkg/discovery/factory.go:21.3,21.36 1 1
github.com/seppaleinen/infermesh/pkg/discovery/factory.go:23.3,23.67 1 1
github.com/seppaleinen/infermesh/pkg/discovery/factory.go:30.2,30.17 1 1
github.com/seppaleinen/infermesh/pkg/discovery/factory.go:32.3,32.35 1 1
github.com/seppaleinen/infermesh/pkg/discovery/factory.go:34.3,34.66 1 1
github.com/seppaleinen/infermesh/pkg/discovery/mdns_announcer.go:25.2,25.39 1 1
github.com/seppaleinen/infermesh/pkg/discovery/mdns_announcer.go:26.3,27.1 1 1
github.com/seppaleinen/infermesh/pkg/discovery/mdns_announcer.go:28.2,28.51 1 1
github.com/seppaleinen/infermesh/pkg/discovery/mdns_announcer.go:35.2,43.1 4 0
github.com/seppaleinen/infermesh/pkg/discovery/mdns_announcer.go:44.2,45.16 4 0
github.com/seppaleinen/infermesh/pkg/discovery/mdns_announcer.go:46.3,47.1 1 0
github.com/seppaleinen/infermesh/pkg/discovery/mdns_announcer.go:50.2,51.1 4 0
github.com/seppaleinen/infermesh/pkg/discovery/mdns_announcer.go:53.2,54.1 4 0
github.com/seppaleinen/infermesh/pkg/discovery/mdns_announcer.go:56.2,57.39 4 0
github.com/seppaleinen/infermesh/pkg/discovery/mdns_announcer.go:58.3,59.1 1 0
github.com/seppaleinen/infermesh/pkg/discovery/mdns_announcer.go:62.2,63.36 2 0
github.com/seppaleinen/infermesh/pkg/discovery/mdns_announcer.go:64.3,65.1 1 0
github.com/seppaleinen/infermesh/pkg/discovery/mdns_announcer.go:67.2,68.16 2 0
github.com/seppaleinen/infermesh/pkg/discovery/mdns_announcer.go:69.3,70.1 1 0
github.com/seppaleinen/infermesh/pkg/discovery/mdns_announcer.go:72.2,73.16 2 0
github.com/seppaleinen/infermesh/pkg/discovery/mdns_announcer.go:74.3,75.1 1 0
github.com/seppaleinen/infermesh/pkg/discovery/mdns_announcer.go:77.2,85.12 4 0
github.com/seppaleinen/infermesh/pkg/discovery/mdns_announcer.go:90.2,91.1 1 0
github.com/seppaleinen/infermesh/pkg/discovery/mdns_announcer.go:95.2,95.21 1 1
github.com/seppaleinen/infermesh/pkg/discovery/mdns_announcer.go:96.3,98.1 2 0
github.com/seppaleinen/infermesh/pkg/discovery/mdns_announcer.go:99.2,99.12 1 1
github.com/seppaleinen/infermesh/pkg/discovery/mdns_announcer.go:104.2,105.1 1 1
github.com/seppaleinen/infermesh/pkg/discovery/mdns_listener.go:27.2,27.39 1 1
github.com/seppaleinen/infermesh/pkg/discovery/mdns_listener.go:28.3,29.1 1 1
github.com/seppaleinen/infermesh/pkg/discovery/mdns_listener.go:30.2,35.8 1 1
github.com/seppaleinen/infermesh/pkg/discovery/mdns_listener.go:40.2,42.1 5 0
github.com/seppaleinen/infermesh/pkg/discovery/mdns_listener.go:43.2,44.1 5 0
github.com/seppaleinen/infermesh/pkg/discovery/mdns_listener.go:45.2,50.1 5 0
github.com/seppaleinen/infermesh/pkg/discovery/mdns_listener.go:54.2,56.1 4 0
github.com/seppaleinen/infermesh/pkg/discovery/mdns_listener.go:58.2,59.1 4 0
github.com/seppaleinen/infermesh/pkg/discovery/mdns_listener.go:60.2,60.6 4 0
github.com/seppaleinen/infermesh/pkg/discovery/mdns_listener.go:61.3,61.10 1 0
github.com/seppaleinen/infermesh/pkg/discovery/mdns_listener.go:63.4,65.10 3 0
github.com/seppaleinen/infermesh/pkg/discovery/mdns_listener.go:67.4,67.18 1 0
github.com/seppaleinen/infermesh/pkg/discovery/mdns_listener.go:75.2,76.1 3 0
github.com/seppaleinen/infermesh/pkg/discovery/mdns_listener.go:77.2,78.12 3 0
github.com/seppaleinen/infermesh/pkg/discovery/mdns_listener.go:79.3,80.17 2 0
github.com/seppaleinen/infermesh/pkg/discovery/mdns_listener.go:81.4,82.1 1 0
github.com/seppaleinen/infermesh/pkg/discovery/mdns_listener.go:83.3,83.17 1 0
github.com/seppaleinen/infermesh/pkg/discovery/mdns_listener.go:89.2,90.1 2 0
github.com/seppaleinen/infermesh/pkg/discovery/mdns_listener.go:91.2,91.29 2 0
github.com/seppaleinen/infermesh/pkg/discovery/mdns_listener.go:94.3,94.51 1 0
github.com/seppaleinen/infermesh/pkg/discovery/mdns_listener.go:95.4,95.12 1 0
github.com/seppaleinen/infermesh/pkg/discovery/mdns_listener.go:100.3,100.26 1 0
github.com/seppaleinen/infermesh/pkg/discovery/mdns_listener.go:101.4,101.12 1 0
github.com/seppaleinen/infermesh/pkg/discovery/mdns_listener.go:104.3,105.17 2 0
github.com/seppaleinen/infermesh/pkg/discovery/mdns_listener.go:106.4,110.12 2 0
github.com/seppaleinen/infermesh/pkg/discovery/mdns_listener.go:112.3,113.1 3 0
github.com/seppaleinen/infermesh/pkg/discovery/mdns_listener.go:115.3,116.21 3 0
github.com/seppaleinen/infermesh/pkg/discovery/mdns_listener.go:117.4,118.1 1 0
github.com/seppaleinen/infermesh/pkg/discovery/mdns_listener.go:119.3,120.1 3 0
github.com/seppaleinen/infermesh/pkg/discovery/mdns_listener.go:123.3,127.1 3 0
github.com/seppaleinen/infermesh/pkg/discovery/mdns_listener.go:129.3,129.10 3 0
github.com/seppaleinen/infermesh/pkg/discovery/mdns_listener.go:130.26,130.26 0 0
github.com/seppaleinen/infermesh/pkg/discovery/mdns_listener.go:132.4,132.10 1 0
github.com/seppaleinen/infermesh/pkg/discovery/mdns_listener.go:139.2,140.1 1 1
github.com/seppaleinen/infermesh/pkg/discovery/mdns_listener.go:144.2,144.21 1 1
github.com/seppaleinen/infermesh/pkg/discovery/mdns_listener.go:145.3,146.1 1 0
github.com/seppaleinen/infermesh/pkg/discovery/mdns_listener.go:147.2,147.9 1 1
github.com/seppaleinen/infermesh/pkg/discovery/mdns_listener.go:148.16,148.16 0 0
github.com/seppaleinen/infermesh/pkg/discovery/mdns_listener.go:149.37,149.37 0 1
github.com/seppaleinen/infermesh/pkg/discovery/mdns_listener.go:151.2,151.12 1 1
github.com/seppaleinen/infermesh/pkg/router/capability_cache.go:28.2,32.1 1 1
github.com/seppaleinen/infermesh/pkg/router/capability_cache.go:37.2,41.1 4 1
github.com/seppaleinen/infermesh/pkg/router/capability_cache.go:45.2,48.28 4 1
github.com/seppaleinen/infermesh/pkg/router/capability_cache.go:49.3,50.1 1 1
github.com/seppaleinen/infermesh/pkg/router/capability_cache.go:51.2,51.16 1 1
github.com/seppaleinen/infermesh/pkg/router/capability_cache.go:58.2,61.1 5 1
github.com/seppaleinen/infermesh/pkg/router/capability_cache.go:62.2,63.16 5 1
github.com/seppaleinen/infermesh/pkg/router/capability_cache.go:64.3,67.1 2 1
github.com/seppaleinen/infermesh/pkg/router/capability_cache.go:69.2,73.12 5 1
github.com/seppaleinen/infermesh/pkg/router/capability_cache.go:78.2,79.1 4 1
github.com/seppaleinen/infermesh/pkg/router/capability_cache.go:80.2,82.1 4 1
github.com/seppaleinen/infermesh/pkg/router/capability_cache.go:84.2,85.16 4 1
github.com/seppaleinen/infermesh/pkg/router/capability_cache.go:86.3,87.1 1 0
github.com/seppaleinen/infermesh/pkg/router/capability_cache.go:88.2,88.15 1 1
github.com/seppaleinen/infermesh/pkg/router/capability_cache.go:88.17,88.40 1 1
github.com/seppaleinen/infermesh/pkg/router/capability_cache.go:90.2,90.38 1 1
github.com/seppaleinen/infermesh/pkg/router/capability_cache.go:91.3,92.1 1 1
github.com/seppaleinen/infermesh/pkg/router/capability_cache.go:94.2,95.71 2 1
github.com/seppaleinen/infermesh/pkg/router/capability_cache.go:96.3,97.1 1 0
github.com/seppaleinen/infermesh/pkg/router/capability_cache.go:99.2,99.37 1 1
github.com/seppaleinen/infermesh/pkg/router/capability_cache.go:104.2,105.12 2 1
github.com/seppaleinen/infermesh/pkg/router/capability_cache.go:106.3,106.7 1 1
github.com/seppaleinen/infermesh/pkg/router/capability_cache.go:107.4,107.11 1 1
github.com/seppaleinen/infermesh/pkg/router/capability_cache.go:109.5,109.11 1 1
github.com/seppaleinen/infermesh/pkg/router/capability_cache.go:111.5,111.12 1 0
github.com/seppaleinen/infermesh/pkg/router/capability_cache.go:112.6,113.1 1 0
github.com/seppaleinen/infermesh/pkg/router/capability_cache.go:114.5,114.23 1 0
github.com/seppaleinen/infermesh/pkg/router/capability_cache.go:116.6,116.51 1 0
github.com/seppaleinen/infermesh/pkg/router/capability_cache.go:117.7,118.1 1 0
github.com/seppaleinen/infermesh/pkg/router/capability_cache.go:120.6,122.19 3 0
github.com/seppaleinen/infermesh/pkg/router/capability_cache.go:128.2,128.40 1 1
github.com/seppaleinen/infermesh/pkg/router/capability_cache.go:133.2,134.1 1 0
github.com/seppaleinen/infermesh/pkg/router/server.go:37.2,39.1 4 1
github.com/seppaleinen/infermesh/pkg/router/server.go:40.2,46.1 4 1
github.com/seppaleinen/infermesh/pkg/router/server.go:48.2,48.61 4 1
github.com/seppaleinen/infermesh/pkg/router/server.go:49.3,50.1 1 0
github.com/seppaleinen/infermesh/pkg/router/server.go:76.2,77.1 1 0
github.com/seppaleinen/infermesh/pkg/router/server.go:154.2,164.1 4 1
github.com/seppaleinen/infermesh/pkg/router/server.go:169.2,170.1 1 0
github.com/seppaleinen/infermesh/pkg/router/server.go:177.2,178.1 1 0
github.com/seppaleinen/infermesh/pkg/router/server.go:182.2,183.1 7 0
github.com/seppaleinen/infermesh/pkg/router/server.go:184.2,189.1 7 0
github.com/seppaleinen/infermesh/pkg/router/server.go:193.2,193.36 7 0
github.com/seppaleinen/infermesh/pkg/router/server.go:194.3,195.1 1 0
github.com/seppaleinen/infermesh/pkg/router/server.go:201.2,201.36 1 0
github.com/seppaleinen/infermesh/pkg/router/server.go:202.3,203.1 1 0
github.com/seppaleinen/infermesh/pkg/router/server.go:205.2,206.32 2 0
github.com/seppaleinen/infermesh/pkg/router/server.go:208.3,210.1 2 0
github.com/seppaleinen/infermesh/pkg/router/server.go:213.3,213.91 2 0
github.com/seppaleinen/infermesh/pkg/router/server.go:214.4,215.1 2 0
github.com/seppaleinen/infermesh/pkg/router/server.go:217.4,217.27 2 0
github.com/seppaleinen/infermesh/pkg/router/server.go:218.5,220.64 3 0
github.com/seppaleinen/infermesh/pkg/router/server.go:221.6,221.71 1 0
github.com/seppaleinen/infermesh/pkg/router/server.go:222.7,223.1 1 0
github.com/seppaleinen/infermesh/pkg/router/server.go:225.5,225.37 1 0
github.com/seppaleinen/infermesh/pkg/router/server.go:229.3,233.1 1 0
github.com/seppaleinen/infermesh/pkg/router/server.go:235.3,238.1 1 0
github.com/seppaleinen/infermesh/pkg/router/server.go:241.2,242.1 2 0
github.com/seppaleinen/infermesh/pkg/router/server.go:243.2,243.12 2 0
github.com/seppaleinen/infermesh/pkg/router/server.go:244.3,246.1 2 0
github.com/seppaleinen/infermesh/pkg/router/server.go:248.2,248.34 1 0
github.com/seppaleinen/infermesh/pkg/router/server.go:253.2,253.21 1 0
github.com/seppaleinen/infermesh/pkg/router/server.go:254.3,255.1 1 0
github.com/seppaleinen/infermesh/pkg/router/server.go:256.2,256.15 1 0
github.com/seppaleinen/infermesh/pkg/router/server.go:261.2,261.33 1 1
github.com/seppaleinen/infermesh/pkg/router/server.go:262.3,264.1 2 1
github.com/seppaleinen/infermesh/pkg/router/server.go:267.2,270.1 5 1
github.com/seppaleinen/infermesh/pkg/router/server.go:272.2,273.61 5 1
github.com/seppaleinen/infermesh/pkg/router/server.go:274.3,277.1 3 1
github.com/seppaleinen/infermesh/pkg/router/server.go:280.2,280.18 1 1
github.com/seppaleinen/infermesh/pkg/router/server.go:281.3,284.1 3 0
github.com/seppaleinen/infermesh/pkg/router/server.go:287.2,288.16 2 1
github.com/seppaleinen/infermesh/pkg/router/server.go:289.3,292.1 3 1
github.com/seppaleinen/infermesh/pkg/router/server.go:295.2,295.38 1 1
github.com/seppaleinen/infermesh/pkg/router/server.go:300.2,300.33 1 1
github.com/seppaleinen/infermesh/pkg/router/server.go:301.3,303.1 2 1
github.com/seppaleinen/infermesh/pkg/router/server.go:306.2,309.1 5 1
github.com/seppaleinen/infermesh/pkg/router/server.go:311.2,312.61 5 1
github.com/seppaleinen/infermesh/pkg/router/server.go:313.3,316.1 3 1
github.com/seppaleinen/infermesh/pkg/router/server.go:319.2,319.18 1 1
github.com/seppaleinen/infermesh/pkg/router/server.go:320.3,323.1 3 0
github.com/seppaleinen/infermesh/pkg/router/server.go:326.2,327.16 2 1
github.com/seppaleinen/infermesh/pkg/router/server.go:328.3,331.1 3 1
github.com/seppaleinen/infermesh/pkg/router/server.go:334.2,334.44 1 1
github.com/seppaleinen/infermesh/pkg/router/server.go:339.2,339.32 1 0
github.com/seppaleinen/infermesh/pkg/router/server.go:340.3,342.1 2 0
github.com/seppaleinen/infermesh/pkg/router/server.go:344.2,345.1 3 0
github.com/seppaleinen/infermesh/pkg/router/server.go:348.2,349.20 3 0
github.com/seppaleinen/infermesh/pkg/router/server.go:350.3,351.1 1 0
github.com/seppaleinen/infermesh/pkg/router/server.go:352.2,352.38 1 0
github.com/seppaleinen/infermesh/pkg/router/server.go:353.3,354.1 1 0
github.com/seppaleinen/infermesh/pkg/router/server.go:356.2,357.27 2 0
github.com/seppaleinen/infermesh/pkg/router/server.go:358.3,368.1 1 0
github.com/seppaleinen/infermesh/pkg/router/server.go:370.2,371.60 2 0
github.com/seppaleinen/infermesh/pkg/router/server.go:372.3,373.1 1 0
github.com/seppaleinen/infermesh/pkg/router/server.go:378.2,379.27 2 0
github.com/seppaleinen/infermesh/pkg/router/server.go:380.3,380.15 1 0
github.com/seppaleinen/infermesh/pkg/router/server.go:381.4,382.1 1 0
github.com/seppaleinen/infermesh/pkg/router/server.go:384.2,384.14 1 0
github.com/seppaleinen/infermesh/pkg/router/server.go:388.2,388.32 1 1
github.com/seppaleinen/infermesh/pkg/router/server.go:389.3,391.1 2 1
github.com/seppaleinen/infermesh/pkg/router/server.go:393.2,394.1 2 1
github.com/seppaleinen/infermesh/pkg/router/server.go:395.2,395.20 2 1
github.com/seppaleinen/infermesh/pkg/router/server.go:396.3,398.1 2 0
github.com/seppaleinen/infermesh/pkg/router/server.go:401.2,403.1 4 1
github.com/seppaleinen/infermesh/pkg/router/server.go:404.2,405.34 4 1
github.com/seppaleinen/infermesh/pkg/router/server.go:406.3,407.1 1 1
github.com/seppaleinen/infermesh/pkg/router/server.go:411.2,412.33 2 1
github.com/seppaleinen/infermesh/pkg/router/server.go:413.3,413.48 1 1
github.com/seppaleinen/infermesh/pkg/router/server.go:414.4,414.16 1 1
github.com/seppaleinen/infermesh/pkg/router/server.go:415.5,416.1 1 1
github.com/seppaleinen/infermesh/pkg/router/server.go:420.2,421.60 2 1
github.com/seppaleinen/infermesh/pkg/router/server.go:422.3,424.1 2 0
github.com/seppaleinen/infermesh/pkg/router/server.go:429.2,429.33 1 1
github.com/seppaleinen/infermesh/pkg/router/server.go:430.3,432.1 2 1
github.com/seppaleinen/infermesh/pkg/router/server.go:434.2,435.64 2 1
github.com/seppaleinen/infermesh/pkg/router/server.go:436.3,439.1 3 1
github.com/seppaleinen/infermesh/pkg/router/server.go:442.2,442.21 1 1
github.com/seppaleinen/infermesh/pkg/router/server.go:443.3,445.1 2 1
github.com/seppaleinen/infermesh/pkg/router/server.go:448.2,448.45 1 1
github.com/seppaleinen/infermesh/pkg/router/server.go:449.3,451.1 2 1
github.com/seppaleinen/infermesh/pkg/router/server.go:455.2,455.31 1 1
github.com/seppaleinen/infermesh/pkg/router/server.go:456.3,457.17 2 1
github.com/seppaleinen/infermesh/pkg/router/server.go:458.4,459.1 1 1
github.com/seppaleinen/infermesh/pkg/router/server.go:460.3,460.26 1 1
github.com/seppaleinen/infermesh/pkg/router/server.go:461.4,462.1 1 1
github.com/seppaleinen/infermesh/pkg/router/server.go:463.3,464.35 2 1
github.com/seppaleinen/infermesh/pkg/router/server.go:468.4,469.1 1 1
github.com/seppaleinen/infermesh/pkg/router/server.go:470.3,470.35 1 1
github.com/seppaleinen/infermesh/pkg/router/server.go:471.4,473.1 2 1
github.com/seppaleinen/infermesh/pkg/router/server.go:474.3,476.50 3 1
github.com/seppaleinen/infermesh/pkg/router/server.go:477.4,478.1 1 1
github.com/seppaleinen/infermesh/pkg/router/server.go:479.4,480.1 1 1
github.com/seppaleinen/infermesh/pkg/router/server.go:483.3,483.59 1 1
github.com/seppaleinen/infermesh/pkg/router/server.go:484.4,486.1 2 1
github.com/seppaleinen/infermesh/pkg/router/server.go:490.2,491.1 2 1
github.com/seppaleinen/infermesh/pkg/router/server.go:493.2,496.17 2 1
github.com/seppaleinen/infermesh/pkg/router/server.go:497.3,500.1 3 0
github.com/seppaleinen/infermesh/pkg/router/server.go:502.2,502.30 1 1
github.com/seppaleinen/infermesh/pkg/router/server.go:507.2,507.20 1 1
github.com/seppaleinen/infermesh/pkg/router/server.go:508.3,509.1 1 0
github.com/seppaleinen/infermesh/pkg/router/server.go:510.2,512.1 4 1
github.com/seppaleinen/infermesh/pkg/router/server.go:513.2,514.39 4 1
github.com/seppaleinen/infermesh/pkg/router/server.go:516.3,516.48 1 1
github.com/seppaleinen/infermesh/pkg/router/server.go:517.4,517.35 1 1
github.com/seppaleinen/infermesh/pkg/router/server.go:518.5,519.10 2 1
github.com/seppaleinen/infermesh/pkg/router/server.go:524.2,524.26 1 1
github.com/seppaleinen/infermesh/pkg/router/server.go:530.3,530.40 1 1
github.com/seppaleinen/infermesh/pkg/router/server.go:531.4,531.49 1 0
github.com/seppaleinen/infermesh/pkg/router/server.go:532.5,532.24 1 0
github.com/seppaleinen/infermesh/pkg/router/server.go:533.6,533.44 1 0
github.com/seppaleinen/infermesh/pkg/router/server.go:534.7,536.49 3 0
github.com/seppaleinen/infermesh/pkg/router/server.go:537.8,537.55 1 0
github.com/seppaleinen/infermesh/pkg/router/server.go:538.9,539.14 2 0
github.com/seppaleinen/infermesh/pkg/router/server.go:542.7,543.12 2 0
github.com/seppaleinen/infermesh/pkg/router/server.go:550.2,550.25 1 1
github.com/seppaleinen/infermesh/pkg/router/server.go:552.3,553.1 1 1
github.com/seppaleinen/infermesh/pkg/router/server.go:559.2,559.39 1 1
github.com/seppaleinen/infermesh/pkg/router/server.go:560.3,560.48 1 0
github.com/seppaleinen/infermesh/pkg/router/server.go:561.4,561.23 1 0
github.com/seppaleinen/infermesh/pkg/router/server.go:562.5,564.1 2 0
github.com/seppaleinen/infermesh/pkg/router/server.go:567.2,567.39 1 1
github.com/seppaleinen/infermesh/pkg/router/server.go:568.3,570.1 2 0
github.com/seppaleinen/infermesh/pkg/router/server.go:572.2,572.89 1 1
github.com/seppaleinen/infermesh/pkg/router/server.go:577.2,578.1 4 0
github.com/seppaleinen/infermesh/pkg/router/server.go:579.2,581.16 4 0
github.com/seppaleinen/infermesh/pkg/router/server.go:582.3,583.1 1 0
github.com/seppaleinen/infermesh/pkg/router/server.go:585.2,587.16 3 0
github.com/seppaleinen/infermesh/pkg/router/server.go:588.3,589.1 1 0
github.com/seppaleinen/infermesh/pkg/router/server.go:590.2,590.15 1 0
github.com/seppaleinen/infermesh/pkg/router/server.go:590.17,590.40 1 0
github.com/seppaleinen/infermesh/pkg/router/server.go:592.2,592.41 1 0
github.com/seppaleinen/infermesh/pkg/router/server.go:599.2,599.46 1 1
github.com/seppaleinen/infermesh/pkg/router/server.go:600.3,600.45 1 0
github.com/seppaleinen/infermesh/pkg/router/server.go:601.4,602.1 1 0
github.com/seppaleinen/infermesh/pkg/router/server.go:606.3,606.44 1 0
github.com/seppaleinen/infermesh/pkg/router/server.go:608.2,609.35 2 1
github.com/seppaleinen/infermesh/pkg/router/server.go:614.2,615.16 2 1
github.com/seppaleinen/infermesh/pkg/router/server.go:616.3,619.1 3 0
github.com/seppaleinen/infermesh/pkg/router/server.go:620.2,620.64 1 1
github.com/seppaleinen/infermesh/pkg/router/server.go:625.2,626.16 2 1
github.com/seppaleinen/infermesh/pkg/router/server.go:627.3,630.1 3 0
github.com/seppaleinen/infermesh/pkg/router/server.go:631.2,631.70 1 1
github.com/seppaleinen/infermesh/pkg/router/server.go:638.2,640.1 7 1
github.com/seppaleinen/infermesh/pkg/router/server.go:641.2,645.1 7 1
github.com/seppaleinen/infermesh/pkg/router/server.go:646.2,646.6 7 1
github.com/seppaleinen/infermesh/pkg/router/server.go:647.3,647.10 1 1
github.com/seppaleinen/infermesh/pkg/router/server.go:649.4,649.11 1 1
github.com/seppaleinen/infermesh/pkg/router/server.go:653.5,653.28 1 1
github.com/seppaleinen/infermesh/pkg/router/server.go:654.6,655.24 2 1
github.com/seppaleinen/infermesh/pkg/router/server.go:656.7,657.1 1 1
github.com/seppaleinen/infermesh/pkg/router/server.go:659.5,659.11 1 1
github.com/seppaleinen/infermesh/pkg/router/server.go:661.4,661.16 1 1
github.com/seppaleinen/infermesh/pkg/router/server.go:662.5,666.1 4 1
github.com/seppaleinen/infermesh/pkg/router/server.go:667.4,669.22 3 1
github.com/seppaleinen/infermesh/pkg/router/server.go:670.5,671.1 1 1
github.com/seppaleinen/infermesh/pkg/router/server.go:672.4,672.18 1 1
github.com/seppaleinen/infermesh/pkg/router/server.go:673.5,674.1 1 0
github.com/seppaleinen/infermesh/pkg/router/server.go:676.4,676.11 1 1
github.com/seppaleinen/infermesh/pkg/router/server.go:677.5,678.13 2 0
github.com/seppaleinen/infermesh/pkg/router/server.go:680.4,680.16 1 1
github.com/seppaleinen/infermesh/pkg/router/server.go:681.5,682.30 2 1
github.com/seppaleinen/infermesh/pkg/router/server.go:683.6,685.1 2 1
github.com/seppaleinen/infermesh/pkg/router/server.go:685.12,685.53 1 0
github.com/seppaleinen/infermesh/pkg/router/server.go:686.6,688.1 2 0
github.com/seppaleinen/infermesh/pkg/router/server.go:689.6,691.1 2 0
github.com/seppaleinen/infermesh/pkg/router/server.go:692.5,692.11 1 1
github.com/seppaleinen/infermesh/pkg/router/server.go:694.4,695.16 2 0
github.com/seppaleinen/infermesh/pkg/router/server.go:696.5,697.23 2 0
github.com/seppaleinen/infermesh/pkg/router/server.go:698.6,699.1 1 0
github.com/seppaleinen/infermesh/pkg/router/server.go:701.4,701.10 1 0
github.com/seppaleinen/infermesh/pkg/router/server.go:703.4,703.10 1 0
github.com/seppaleinen/infermesh/pkg/router/worker_client.go:57.2,58.1 1 0
github.com/seppaleinen/infermesh/pkg/router/worker_client.go:61.2,61.19 1 0
github.com/seppaleinen/infermesh/pkg/router/worker_client.go:62.3,63.1 1 0
github.com/seppaleinen/infermesh/pkg/router/worker_client.go:64.2,64.24 1 0
github.com/seppaleinen/infermesh/pkg/router/worker_client.go:74.2,75.1 1 1
github.com/seppaleinen/infermesh/pkg/router/worker_client.go:77.49,77.80 1 0
github.com/seppaleinen/infermesh/pkg/router/worker_client.go:81.2,82.26 2 1
github.com/seppaleinen/infermesh/pkg/router/worker_client.go:83.3,84.1 1 1
github.com/seppaleinen/infermesh/pkg/router/worker_client.go:85.2,85.38 1 1
github.com/seppaleinen/infermesh/pkg/router/worker_client.go:90.2,91.44 2 1
github.com/seppaleinen/infermesh/pkg/router/worker_client.go:92.3,93.17 2 1
github.com/seppaleinen/infermesh/pkg/router/worker_client.go:94.4,95.1 1 0
github.com/seppaleinen/infermesh/pkg/router/worker_client.go:96.3,98.17 3 1
github.com/seppaleinen/infermesh/pkg/router/worker_client.go:99.4,100.1 1 1
github.com/seppaleinen/infermesh/pkg/router/worker_client.go:101.3,102.18 2 0
github.com/seppaleinen/infermesh/pkg/router/worker_client.go:103.4,104.1 1 0
github.com/seppaleinen/infermesh/pkg/router/worker_client.go:106.2,106.61 1 0
github.com/seppaleinen/infermesh/pkg/router/worker_client.go:110.2,112.16 3 0
github.com/seppaleinen/infermesh/pkg/router/worker_client.go:113.3,114.1 1 0
github.com/seppaleinen/infermesh/pkg/router/worker_client.go:115.2,115.15 1 0
github.com/seppaleinen/infermesh/pkg/router/worker_client.go:115.17,115.40 1 0
github.com/seppaleinen/infermesh/pkg/router/worker_client.go:117.2,117.38 1 0
github.com/seppaleinen/infermesh/pkg/router/worker_client.go:118.3,120.1 2 0
github.com/seppaleinen/infermesh/pkg/router/worker_client.go:121.2,121.30 1 0
github.com/seppaleinen/infermesh/pkg/router/worker_client.go:125.2,127.1 3 1
github.com/seppaleinen/infermesh/pkg/router/worker_client.go:128.2,128.12 3 1
github.com/seppaleinen/infermesh/pkg/router/worker_client.go:129.3,130.1 4 1
github.com/seppaleinen/infermesh/pkg/router/worker_client.go:131.3,133.17 4 1
github.com/seppaleinen/infermesh/pkg/router/worker_client.go:134.4,134.45 1 0
github.com/seppaleinen/infermesh/pkg/router/worker_client.go:135.5,136.1 1 0
github.com/seppaleinen/infermesh/pkg/router/worker_client.go:137.5,138.1 1 0
github.com/seppaleinen/infermesh/pkg/router/worker_client.go:139.4,139.10 1 0
github.com/seppaleinen/infermesh/pkg/router/worker_client.go:141.3,141.16 1 1
github.com/seppaleinen/infermesh/pkg/router/worker_client.go:141.18,141.41 1 1
github.com/seppaleinen/infermesh/pkg/router/worker_client.go:143.3,143.39 1 1
github.com/seppaleinen/infermesh/pkg/router/worker_client.go:144.4,147.1 3 1
github.com/seppaleinen/infermesh/pkg/router/worker_client.go:150.3,151.7 2 1
github.com/seppaleinen/infermesh/pkg/router/worker_client.go:152.4,153.22 2 1
github.com/seppaleinen/infermesh/pkg/router/worker_client.go:154.5,154.12 1 1
github.com/seppaleinen/infermesh/pkg/router/worker_client.go:155.46,155.46 0 1
github.com/seppaleinen/infermesh/pkg/router/worker_client.go:157.6,157.12 1 0
github.com/seppaleinen/infermesh/pkg/router/worker_client.go:160.4,160.18 1 1
github.com/seppaleinen/infermesh/pkg/router/worker_client.go:161.5,161.52 1 1
github.com/seppaleinen/infermesh/pkg/router/worker_client.go:162.6,163.1 1 0
github.com/seppaleinen/infermesh/pkg/router/worker_client.go:164.5,164.11 1 1
github.com/seppaleinen/infermesh/pkg/router/worker_client.go:169.2,169.23 1 1
github.com/seppaleinen/infermesh/pkg/router/worker_client.go:176.2,177.6 2 1
github.com/seppaleinen/infermesh/pkg/router/worker_client.go:178.3,179.20 2 1
github.com/seppaleinen/infermesh/pkg/router/worker_client.go:180.4,181.38 2 1
github.com/seppaleinen/infermesh/pkg/router/worker_client.go:182.5,183.1 1 1
github.com/seppaleinen/infermesh/pkg/router/worker_client.go:185.3,185.17 1 1
github.com/seppaleinen/infermesh/pkg/router/worker_client.go:186.4,186.46 1 1
github.com/seppaleinen/infermesh/pkg/router/worker_client.go:187.5,188.1 1 1
github.com/seppaleinen/infermesh/pkg/router/worker_client.go:189.4,189.19 1 1
github.com/seppaleinen/infermesh/pkg/router/worker_client.go:195.2,197.16 3 0
github.com/seppaleinen/infermesh/pkg/router/worker_client.go:198.3,199.1 1 0
github.com/seppaleinen/infermesh/pkg/router/worker_client.go:200.2,202.16 3 0
github.com/seppaleinen/infermesh/pkg/router/worker_client.go:203.3,204.1 1 0
github.com/seppaleinen/infermesh/pkg/router/worker_client.go:205.2,205.15 1 0
github.com/seppaleinen/infermesh/pkg/router/worker_client.go:205.17,205.40 1 0
github.com/seppaleinen/infermesh/pkg/router/worker_client.go:206.2,206.38 1 0
github.com/seppaleinen/infermesh/pkg/router/worker_client.go:207.3,209.1 2 0
github.com/seppaleinen/infermesh/pkg/router/worker_client.go:210.2,210.18 1 0
github.com/seppaleinen/infermesh/pkg/router/worker_client.go:214.2,217.16 4 0
github.com/seppaleinen/infermesh/pkg/router/worker_client.go:218.3,219.1 1 0
github.com/seppaleinen/infermesh/pkg/router/worker_client.go:220.2,220.15 1 0
github.com/seppaleinen/infermesh/pkg/router/worker_client.go:220.17,220.40 1 0
github.com/seppaleinen/infermesh/pkg/router/worker_client.go:221.2,221.38 1 0
github.com/seppaleinen/infermesh/pkg/router/worker_client.go:222.3,223.1 1 0
github.com/seppaleinen/infermesh/pkg/router/worker_client.go:224.2,225.71 2 0
github.com/seppaleinen/infermesh/pkg/router/worker_client.go:226.3,227.1 1 0
github.com/seppaleinen/infermesh/pkg/router/worker_client.go:228.2,228.37 1 0
github.com/seppaleinen/infermesh/pkg/router/worker_client.go:231.44,231.56 1 0
github.com/seppaleinen/infermesh/pkg/router/ws_hub.go:63.2,72.1 1 1
github.com/seppaleinen/infermesh/pkg/router/ws_hub.go:77.2,78.1 1 1
github.com/seppaleinen/infermesh/pkg/router/ws_hub.go:84.2,85.1 1 0
github.com/seppaleinen/infermesh/pkg/router/ws_hub.go:92.2,93.9 2 0
github.com/seppaleinen/infermesh/pkg/router/ws_hub.go:95.3,95.49 1 0
github.com/seppaleinen/infermesh/pkg/router/ws_hub.go:97.3,97.51 1 0
github.com/seppaleinen/infermesh/pkg/router/ws_hub.go:99.3,99.18 1 0
github.com/seppaleinen/infermesh/pkg/router/ws_hub.go:101.2,102.16 2 0
github.com/seppaleinen/infermesh/pkg/router/ws_hub.go:103.3,104.1 1 0
github.com/seppaleinen/infermesh/pkg/router/ws_hub.go:105.2,105.35 1 0
github.com/seppaleinen/infermesh/pkg/router/ws_hub.go:106.3,107.1 1 0
github.com/seppaleinen/infermesh/pkg/router/ws_hub.go:108.2,110.24 3 0
github.com/seppaleinen/infermesh/pkg/router/ws_hub.go:115.2,118.1 3 1
github.com/seppaleinen/infermesh/pkg/router/ws_hub.go:123.2,126.1 3 0
github.com/seppaleinen/infermesh/pkg/router/ws_hub.go:132.2,139.1 2 0
github.com/seppaleinen/infermesh/pkg/router/ws_hub.go:140.2,140.41 2 0
github.com/seppaleinen/infermesh/pkg/router/ws_hub.go:141.3,141.19 1 0
github.com/seppaleinen/infermesh/pkg/router/ws_hub.go:143.4,143.11 1 0
github.com/seppaleinen/infermesh/pkg/router/ws_hub.go:144.26,144.26 0 0
github.com/seppaleinen/infermesh/pkg/router/ws_hub.go:145.21,145.21 0 0
github.com/seppaleinen/infermesh/pkg/router/ws_hub.go:147.4,147.21 1 0
github.com/seppaleinen/infermesh/pkg/router/ws_hub.go:149.4,149.11 1 0
github.com/seppaleinen/infermesh/pkg/router/ws_hub.go:150.26,150.26 0 0
github.com/seppaleinen/infermesh/pkg/router/ws_hub.go:151.21,151.21 0 0
github.com/seppaleinen/infermesh/pkg/router/ws_hub.go:153.4,153.21 1 0
github.com/seppaleinen/infermesh/pkg/router/ws_hub.go:155.4,157.34 3 0
github.com/seppaleinen/infermesh/pkg/router/ws_hub.go:160.2,162.45 3 0
github.com/seppaleinen/infermesh/pkg/router/ws_hub.go:163.3,164.1 1 0
github.com/seppaleinen/infermesh/pkg/router/ws_hub.go:165.2,166.16 2 0
github.com/seppaleinen/infermesh/pkg/router/ws_hub.go:171.2,178.1 2 0
github.com/seppaleinen/infermesh/pkg/router/ws_hub.go:179.2,179.41 2 0
github.com/seppaleinen/infermesh/pkg/router/ws_hub.go:180.3,180.19 1 0
github.com/seppaleinen/infermesh/pkg/router/ws_hub.go:182.4,183.48 2 0
github.com/seppaleinen/infermesh/pkg/router/ws_hub.go:184.5,186.1 2 0
github.com/seppaleinen/infermesh/pkg/router/ws_hub.go:187.4,189.11 3 0
github.com/seppaleinen/infermesh/pkg/router/ws_hub.go:190.49,190.49 0 0
github.com/seppaleinen/infermesh/pkg/router/ws_hub.go:191.21,191.21 0 0
github.com/seppaleinen/infermesh/pkg/router/ws_hub.go:194.4,195.48 2 0
github.com/seppaleinen/infermesh/pkg/router/ws_hub.go:196.5,198.1 2 0
github.com/seppaleinen/infermesh/pkg/router/ws_hub.go:199.4,199.21 1 0
github.com/seppaleinen/infermesh/pkg/router/ws_hub.go:200.5,202.1 2 0
github.com/seppaleinen/infermesh/pkg/router/ws_hub.go:203.4,203.27 1 0
github.com/seppaleinen/infermesh/pkg/router/ws_hub.go:204.5,206.12 3 0
github.com/seppaleinen/infermesh/pkg/router/ws_hub.go:207.50,207.50 0 0
github.com/seppaleinen/infermesh/pkg/router/ws_hub.go:208.22,208.22 0 0
github.com/seppaleinen/infermesh/pkg/router/ws_hub.go:211.4,211.14 1 0
github.com/seppaleinen/infermesh/pkg/router/ws_hub.go:212.5,213.1 1 0
github.com/seppaleinen/infermesh/pkg/router/ws_hub.go:215.4,217.34 3 0
github.com/seppaleinen/infermesh/pkg/router/ws_hub.go:220.2,222.45 3 0
github.com/seppaleinen/infermesh/pkg/router/ws_hub.go:223.3,224.1 1 0
github.com/seppaleinen/infermesh/pkg/router/ws_hub.go:225.2,226.16 2 0
github.com/seppaleinen/infermesh/pkg/router/ws_hub.go:233.2,236.9 4 0
github.com/seppaleinen/infermesh/pkg/router/ws_hub.go:237.3,238.1 1 0
github.com/seppaleinen/infermesh/pkg/router/ws_hub.go:239.2,240.13 2 0
github.com/seppaleinen/infermesh/pkg/router/ws_hub.go:245.2,245.22 1 1
github.com/seppaleinen/infermesh/pkg/router/ws_hub.go:246.3,247.1 1 0
github.com/seppaleinen/infermesh/pkg/router/ws_hub.go:248.2,248.36 1 1
github.com/seppaleinen/infermesh/pkg/router/ws_hub.go:254.2,254.12 1 1
github.com/seppaleinen/infermesh/pkg/router/ws_hub.go:255.3,257.7 3 1
github.com/seppaleinen/infermesh/pkg/router/ws_hub.go:258.4,258.11 1 1
github.com/seppaleinen/infermesh/pkg/router/ws_hub.go:260.5,260.11 1 0
github.com/seppaleinen/infermesh/pkg/router/ws_hub.go:262.5,264.31 3 0
github.com/seppaleinen/infermesh/pkg/router/ws_hub.go:265.6,266.1 1 0
github.com/seppaleinen/infermesh/pkg/router/ws_hub.go:267.5,269.19 3 0
github.com/seppaleinen/infermesh/pkg/router/ws_hub.go:270.6,270.14 1 0
github.com/seppaleinen/infermesh/pkg/router/ws_hub.go:272.5,272.29 1 0
github.com/seppaleinen/infermesh/pkg/router/ws_hub.go:273.6,274.1 1 0
github.com/seppaleinen/infermesh/pkg/router/ws_hub.go:283.2,286.9 4 1
github.com/seppaleinen/infermesh/pkg/router/ws_hub.go:287.3,288.1 1 0
github.com/seppaleinen/infermesh/pkg/router/ws_hub.go:289.2,289.45 1 1
github.com/seppaleinen/infermesh/pkg/router/ws_hub.go:296.2,297.53 2 1
github.com/seppaleinen/infermesh/pkg/router/ws_hub.go:298.3,300.1 2 0
github.com/seppaleinen/infermesh/pkg/router/ws_hub.go:301.2,301.38 1 1
github.com/seppaleinen/infermesh/pkg/router/ws_hub.go:302.3,305.1 3 0
github.com/seppaleinen/infermesh/pkg/router/ws_hub.go:306.2,307.48 2 1
github.com/seppaleinen/infermesh/pkg/router/ws_hub.go:308.3,311.1 3 0
github.com/seppaleinen/infermesh/pkg/router/ws_hub.go:312.2,313.21 2 1
github.com/seppaleinen/infermesh/pkg/router/ws_hub.go:314.3,317.1 3 0
github.com/seppaleinen/infermesh/pkg/router/ws_hub.go:320.2,320.49 1 1
github.com/seppaleinen/infermesh/pkg/router/ws_hub.go:321.3,324.1 3 0
github.com/seppaleinen/infermesh/pkg/router/ws_hub.go:326.2,327.25 2 1
github.com/seppaleinen/infermesh/pkg/router/ws_hub.go:328.3,329.1 1 0
github.com/seppaleinen/infermesh/pkg/router/ws_hub.go:331.2,339.1 3 1
github.com/seppaleinen/infermesh/pkg/router/ws_hub.go:343.2,344.39 3 1
github.com/seppaleinen/infermesh/pkg/router/ws_hub.go:345.3,347.1 2 0
github.com/seppaleinen/infermesh/pkg/router/ws_hub.go:348.2,350.1 8 1
github.com/seppaleinen/infermesh/pkg/router/ws_hub.go:351.2,352.1 8 1
github.com/seppaleinen/infermesh/pkg/router/ws_hub.go:353.2,360.1 8 1
github.com/seppaleinen/infermesh/pkg/router/ws_hub.go:363.2,363.19 8 1
github.com/seppaleinen/infermesh/pkg/router/ws_hub.go:370.2,371.48 2 0
github.com/seppaleinen/infermesh/pkg/router/ws_hub.go:372.3,374.1 2 0
github.com/seppaleinen/infermesh/pkg/router/ws_hub.go:375.2,376.21 2 0
github.com/seppaleinen/infermesh/pkg/router/ws_hub.go:377.3,379.1 2 0
github.com/seppaleinen/infermesh/pkg/router/ws_hub.go:382.2,382.49 1 0
github.com/seppaleinen/infermesh/pkg/router/ws_hub.go:383.3,385.1 2 0
github.com/seppaleinen/infermesh/pkg/router/ws_hub.go:387.2,388.25 2 0
github.com/seppaleinen/infermesh/pkg/router/ws_hub.go:389.3,390.1 1 0
github.com/seppaleinen/infermesh/pkg/router/ws_hub.go:392.2,400.1 3 0
github.com/seppaleinen/infermesh/pkg/router/ws_hub.go:403.2,404.39 3 0
github.com/seppaleinen/infermesh/pkg/router/ws_hub.go:405.3,407.1 2 0
github.com/seppaleinen/infermesh/pkg/router/ws_hub.go:408.2,410.1 6 0
github.com/seppaleinen/infermesh/pkg/router/ws_hub.go:411.2,412.1 6 0
github.com/seppaleinen/infermesh/pkg/router/ws_hub.go:416.2,421.102 6 0
github.com/seppaleinen/infermesh/pkg/router/ws_hub.go:427.2,427.18 1 1
github.com/seppaleinen/infermesh/pkg/router/ws_hub.go:428.3,429.1 1 0
github.com/seppaleinen/infermesh/pkg/router/ws_hub.go:430.2,430.49 1 1
github.com/seppaleinen/infermesh/pkg/router/ws_hub.go:431.3,432.1 1 0
github.com/seppaleinen/infermesh/pkg/router/ws_hub.go:437.2,438.16 2 0
github.com/seppaleinen/infermesh/pkg/router/ws_hub.go:439.3,440.1 1 0
github.com/seppaleinen/infermesh/pkg/router/ws_hub.go:441.2,441.33 1 0
github.com/seppaleinen/infermesh/pkg/router/ws_hub.go:446.2,446.18 1 1
github.com/seppaleinen/infermesh/pkg/router/ws_hub.go:448.3,449.47 2 1
github.com/seppaleinen/infermesh/pkg/router/ws_hub.go:450.4,452.1 2 0
github.com/seppaleinen/infermesh/pkg/router/ws_hub.go:453.3,453.24 1 1
github.com/seppaleinen/infermesh/pkg/router/ws_hub.go:454.4,455.1 1 0
github.com/seppaleinen/infermesh/pkg/router/ws_hub.go:456.3,458.83 3 1
github.com/seppaleinen/infermesh/pkg/router/ws_hub.go:461.3,462.47 2 0
github.com/seppaleinen/infermesh/pkg/router/ws_hub.go:463.4,465.1 2 0
github.com/seppaleinen/infermesh/pkg/router/ws_hub.go:466.3,470.76 5 0
github.com/seppaleinen/infermesh/pkg/router/ws_hub.go:472.24,472.24 0 0
github.com/seppaleinen/infermesh/pkg/router/ws_hub.go:477.3,477.23 1 1
github.com/seppaleinen/infermesh/pkg/router/ws_hub.go:480.3,482.17 3 0
github.com/seppaleinen/infermesh/pkg/router/ws_hub.go:483.4,484.1 1 0
github.com/seppaleinen/infermesh/pkg/router/ws_hub.go:485.4,486.1 1 0
github.com/seppaleinen/infermesh/pkg/router/ws_hub.go:489.3,492.39 4 0
github.com/seppaleinen/infermesh/pkg/router/ws_hub.go:495.3,495.89 1 0
github.com/seppaleinen/infermesh/pkg/router/ws_hub.go:521.2,524.1 3 1
github.com/seppaleinen/infermesh/pkg/router/ws_hub.go:527.2,530.1 3 1
github.com/seppaleinen/infermesh/pkg/router/ws_hub.go:534.2,535.6 2 1
github.com/seppaleinen/infermesh/pkg/router/ws_hub.go:536.3,536.90 1 1
github.com/seppaleinen/infermesh/pkg/router/ws_hub.go:537.4,539.1 2 0
github.com/seppaleinen/infermesh/pkg/router/ws_hub.go:540.3,541.56 2 1
github.com/seppaleinen/infermesh/pkg/router/ws_hub.go:542.4,542.49 1 1
github.com/seppaleinen/infermesh/pkg/router/ws_hub.go:543.5,544.1 1 0
github.com/seppaleinen/infermesh/pkg/router/ws_hub.go:545.5,546.1 1 1
github.com/seppaleinen/infermesh/pkg/router/ws_hub.go:547.4,547.10 1 1
github.com/seppaleinen/infermesh/pkg/router/ws_hub.go:549.3,550.25 2 1
github.com/seppaleinen/infermesh/pkg/router/ws_hub.go:557.2,557.6 1 1
github.com/seppaleinen/infermesh/pkg/router/ws_hub.go:558.3,558.10 1 1
github.com/seppaleinen/infermesh/pkg/router/ws_hub.go:560.4,560.92 1 1
github.com/seppaleinen/infermesh/pkg/router/ws_hub.go:561.5,563.1 2 0
github.com/seppaleinen/infermesh/pkg/router/ws_hub.go:564.4,564.54 1 1
github.com/seppaleinen/infermesh/pkg/router/ws_hub.go:565.5,568.1 3 0
github.com/seppaleinen/infermesh/pkg/router/ws_hub.go:570.4,570.10 1 1
github.com/seppaleinen/infermesh/pkg/router/ws_hub.go:578.2,578.28 1 1
github.com/seppaleinen/infermesh/pkg/router/ws_hub.go:579.3,581.17 3 0
github.com/seppaleinen/infermesh/pkg/router/ws_hub.go:582.4,583.1 1 0
github.com/seppaleinen/infermesh/pkg/router/ws_hub.go:584.3,587.1 4 0
github.com/seppaleinen/infermesh/pkg/router/ws_hub.go:588.3,588.10 4 0
github.com/seppaleinen/infermesh/pkg/router/ws_hub.go:590.4,590.14 1 0
github.com/seppaleinen/infermesh/pkg/router/ws_hub.go:592.4,592.20 1 0
github.com/seppaleinen/infermesh/pkg/router/ws_hub.go:594.4,594.24 1 0
github.com/seppaleinen/infermesh/pkg/router/ws_hub.go:598.2,599.16 2 1
github.com/seppaleinen/infermesh/pkg/router/ws_hub.go:600.3,601.1 1 0
github.com/seppaleinen/infermesh/pkg/router/ws_hub.go:602.2,602.9 1 1
github.com/seppaleinen/infermesh/pkg/router/ws_hub.go:604.3,604.13 1 1
github.com/seppaleinen/infermesh/pkg/router/ws_hub.go:606.3,606.19 1 0
github.com/seppaleinen/infermesh/pkg/router/ws_hub.go:608.3,608.23 1 0
github.com/seppaleinen/infermesh/pkg/router/ws_hub.go:616.2,616.28 1 1
github.com/seppaleinen/infermesh/pkg/router/ws_hub.go:617.3,619.17 3 0
github.com/seppaleinen/infermesh/pkg/router/ws_hub.go:620.4,621.1 1 0
github.com/seppaleinen/infermesh/pkg/router/ws_hub.go:622.3,625.1 4 0
github.com/seppaleinen/infermesh/pkg/router/ws_hub.go:626.3,626.10 4 0
github.com/seppaleinen/infermesh/pkg/router/ws_hub.go:628.4,628.15 1 0
github.com/seppaleinen/infermesh/pkg/router/ws_hub.go:630.4,630.16 1 0
github.com/seppaleinen/infermesh/pkg/router/ws_hub.go:632.4,632.16 1 0
github.com/seppaleinen/infermesh/pkg/router/ws_hub.go:636.2,637.16 2 1
github.com/seppaleinen/infermesh/pkg/router/ws_hub.go:638.3,639.1 1 0
github.com/seppaleinen/infermesh/pkg/router/ws_hub.go:640.2,640.9 1 1
github.com/seppaleinen/infermesh/pkg/router/ws_hub.go:642.3,642.14 1 1
github.com/seppaleinen/infermesh/pkg/router/ws_hub.go:644.3,644.15 1 0
github.com/seppaleinen/infermesh/pkg/router/ws_hub.go:646.3,647.15 2 0
github.com/seppaleinen/infermesh/pkg/router/ws_hub.go:655.2,656.16 2 0
github.com/seppaleinen/infermesh/pkg/router/ws_hub.go:657.3,658.1 1 0
github.com/seppaleinen/infermesh/pkg/router/ws_hub.go:659.2,660.1 2 0
github.com/seppaleinen/infermesh/pkg/router/ws_hub.go:662.2,662.28 2 0
github.com/seppaleinen/infermesh/pkg/router/ws_hub.go:663.3,664.1 1 0
github.com/seppaleinen/infermesh/pkg/router/ws_hub.go:666.2,666.12 1 0
github.com/seppaleinen/infermesh/pkg/router/ws_hub.go:667.3,667.10 1 0
github.com/seppaleinen/infermesh/pkg/router/ws_hub.go:669.4,669.44 1 0
github.com/seppaleinen/infermesh/pkg/router/ws_hub.go:670.19,670.19 0 0
github.com/seppaleinen/infermesh/pkg/router/ws_hub.go:673.2,673.11 1 0
github.com/seppaleinen/infermesh/pkg/router/ws_hub.go:680.2,680.24 1 1
github.com/seppaleinen/infermesh/pkg/router/ws_hub.go:681.3,683.18 3 1
github.com/seppaleinen/infermesh/pkg/router/ws_hub.go:684.4,685.1 1 1
github.com/seppaleinen/infermesh/pkg/router/ws_hub.go:687.3,688.51 2 1
github.com/seppaleinen/infermesh/pkg/router/ws_hub.go:689.4,690.1 1 1
github.com/seppaleinen/infermesh/pkg/router/ws_hub.go:691.3,692.1 4 1
github.com/seppaleinen/infermesh/pkg/router/ws_hub.go:693.3,695.32 4 1
github.com/seppaleinen/infermesh/pkg/router/ws_hub.go:696.4,697.1 1 0
github.com/seppaleinen/infermesh/pkg/router/ws_hub.go:698.3,700.27 3 1
github.com/seppaleinen/infermesh/pkg/router/ws_hub.go:701.4,702.1 1 0
github.com/seppaleinen/infermesh/pkg/router/ws_hub.go:704.3,705.17 2 1
github.com/seppaleinen/infermesh/pkg/router/ws_hub.go:706.4,707.1 1 1
github.com/seppaleinen/infermesh/pkg/router/ws_hub.go:713.2,716.9 4 1
github.com/seppaleinen/infermesh/pkg/router/ws_hub.go:717.3,719.1 2 0
github.com/seppaleinen/infermesh/pkg/router/ws_hub.go:720.2,720.16 1 1
github.com/seppaleinen/infermesh/pkg/router/ws_hub.go:725.2,728.8 4 0
github.com/seppaleinen/infermesh/pkg/router/ws_hub.go:729.3,730.1 1 0
github.com/seppaleinen/infermesh/pkg/router/ws_hub.go:735.2,737.43 3 1
github.com/seppaleinen/infermesh/pkg/router/ws_hub.go:738.3,739.1 1 0
github.com/seppaleinen/infermesh/pkg/router/ws_hub.go:740.2,741.12 2 1
github.com/seppaleinen/infermesh/pkg/router/ws_hub.go:748.2,754.1 2 1
github.com/seppaleinen/infermesh/pkg/router/ws_hub.go:755.2,755.41 2 1
github.com/seppaleinen/infermesh/pkg/router/ws_hub.go:756.3,756.19 1 1
github.com/seppaleinen/infermesh/pkg/router/ws_hub.go:758.4,759.48 2 1
github.com/seppaleinen/infermesh/pkg/router/ws_hub.go:760.5,762.1 2 0
github.com/seppaleinen/infermesh/pkg/router/ws_hub.go:763.4,765.11 3 1
github.com/seppaleinen/infermesh/pkg/router/ws_hub.go:766.49,766.49 0 1
github.com/seppaleinen/infermesh/pkg/router/ws_hub.go:767.21,767.21 0 0
github.com/seppaleinen/infermesh/pkg/router/ws_hub.go:770.4,771.48 2 1
github.com/seppaleinen/infermesh/pkg/router/ws_hub.go:772.5,774.1 2 0
github.com/seppaleinen/infermesh/pkg/router/ws_hub.go:775.4,775.21 1 1
github.com/seppaleinen/infermesh/pkg/router/ws_hub.go:776.5,778.1 2 0
github.com/seppaleinen/infermesh/pkg/router/ws_hub.go:779.4,779.27 1 1
github.com/seppaleinen/infermesh/pkg/router/ws_hub.go:780.5,782.12 3 0
github.com/seppaleinen/infermesh/pkg/router/ws_hub.go:783.50,783.50 0 0
github.com/seppaleinen/infermesh/pkg/router/ws_hub.go:784.22,784.22 0 0
github.com/seppaleinen/infermesh/pkg/router/ws_hub.go:787.4,787.14 1 1
github.com/seppaleinen/infermesh/pkg/router/ws_hub.go:788.5,789.1 1 1
github.com/seppaleinen/infermesh/pkg/router/ws_hub.go:791.4,793.34 3 0
github.com/seppaleinen/infermesh/pkg/router/ws_hub.go:796.2,796.41 1 1
github.com/seppaleinen/infermesh/pkg/router/ws_hub.go:797.3,798.1 1 0
github.com/seppaleinen/infermesh/pkg/router/ws_hub.go:799.2,799.16 1 1
github.com/seppaleinen/infermesh/pkg/router/ws_hub.go:805.2,811.1 2 1
github.com/seppaleinen/infermesh/pkg/router/ws_hub.go:812.2,812.41 2 1
github.com/seppaleinen/infermesh/pkg/router/ws_hub.go:813.3,813.19 1 1
github.com/seppaleinen/infermesh/pkg/router/ws_hub.go:815.4,815.11 1 0
github.com/seppaleinen/infermesh/pkg/router/ws_hub.go:816.26,816.26 0 0
github.com/seppaleinen/infermesh/pkg/router/ws_hub.go:817.21,817.21 0 0
github.com/seppaleinen/infermesh/pkg/router/ws_hub.go:819.4,819.21 1 0
github.com/seppaleinen/infermesh/pkg/router/ws_hub.go:821.4,821.11 1 1
github.com/seppaleinen/infermesh/pkg/router/ws_hub.go:822.26,822.26 0 1
github.com/seppaleinen/infermesh/pkg/router/ws_hub.go:823.21,823.21 0 0
github.com/seppaleinen/infermesh/pkg/router/ws_hub.go:825.4,825.21 1 1
github.com/seppaleinen/infermesh/pkg/router/ws_hub.go:827.4,829.34 3 0
github.com/seppaleinen/infermesh/pkg/router/ws_hub.go:832.2,832.41 1 1
github.com/seppaleinen/infermesh/pkg/router/ws_hub.go:833.3,834.1 1 0
github.com/seppaleinen/infermesh/pkg/router/ws_hub.go:835.2,835.16 1 1
github.com/seppaleinen/infermesh/pkg/router/ws_hub.go:858.2,858.25 1 1
github.com/seppaleinen/infermesh/pkg/router/ws_hub.go:859.3,859.10 1 1
github.com/seppaleinen/infermesh/pkg/router/ws_hub.go:860.80,860.80 0 1
github.com/seppaleinen/infermesh/pkg/router/ws_hub.go:861.11,861.11 0 0
github.com/seppaleinen/infermesh/pkg/router/ws_hub.go:863.3,863.14 1 1
github.com/seppaleinen/infermesh/pkg/router/ws_hub.go:869.2,869.25 1 1
github.com/seppaleinen/infermesh/pkg/router/ws_hub.go:870.3,871.1 1 1
github.com/seppaleinen/infermesh/pkg/router/ws_hub.go:876.2,876.25 1 0
github.com/seppaleinen/infermesh/pkg/router/ws_hub.go:877.3,877.10 1 0
github.com/seppaleinen/infermesh/pkg/router/ws_hub.go:878.24,878.24 0 0
github.com/seppaleinen/infermesh/pkg/router/ws_hub.go:879.11,879.11 0 0
github.com/seppaleinen/infermesh/pkg/router/ws_hub.go:881.3,881.14 1 0
github.com/seppaleinen/infermesh/pkg/router/ws_hub.go:886.2,886.26 1 1
github.com/seppaleinen/infermesh/pkg/router/ws_hub.go:887.3,887.21 1 1
github.com/seppaleinen/infermesh/pkg/router/ws_hub.go:888.4,889.58 2 1
github.com/seppaleinen/infermesh/pkg/router/ws_hub.go:890.5,891.1 1 1
github.com/seppaleinen/infermesh/pkg/router/ws_hub.go:892.4,893.10 2 1
github.com/seppaleinen/infermesh/pkg/router/ws_hub.go:897.3,897.20 1 0
github.com/seppaleinen/infermesh/pkg/router/ws_hub.go:898.4,899.62 2 0
github.com/seppaleinen/infermesh/pkg/router/ws_hub.go:900.5,901.1 1 0
github.com/seppaleinen/infermesh/pkg/router/ws_hub.go:902.4,902.34 1 0
github.com/seppaleinen/infermesh/pkg/router/ws_hub.go:905.2,906.23 2 1
github.com/seppaleinen/infermesh/pkg/router/ws_hub.go:907.3,908.1 1 1
github.com/seppaleinen/infermesh/pkg/router/ws_hub.go:909.2,909.22 1 1
github.com/seppaleinen/infermesh/pkg/router/ws_hub.go:910.3,911.1 1 1
github.com/seppaleinen/infermesh/pkg/router/ws_hub.go:921.47,921.76 1 1
github.com/seppaleinen/infermesh/pkg/router/ws_hub.go:924.2,926.1 4 1
github.com/seppaleinen/infermesh/pkg/router/ws_hub.go:927.2,928.16 4 1
github.com/seppaleinen/infermesh/pkg/router/ws_hub.go:929.3,932.1 3 0
github.com/seppaleinen/infermesh/pkg/router/ws_hub.go:933.2,934.16 2 1
github.com/seppaleinen/infermesh/pkg/router/ws_hub.go:935.3,938.1 3 0
github.com/seppaleinen/infermesh/pkg/router/ws_hub.go:939.2,940.16 2 1
github.com/seppaleinen/infermesh/pkg/router/ws_hub.go:941.3,944.1 3 0
github.com/seppaleinen/infermesh/pkg/router/ws_hub.go:945.2,945.46 1 1
github.com/seppaleinen/infermesh/pkg/router/ws_hub.go:946.3,948.1 2 0
github.com/seppaleinen/infermesh/pkg/router/ws_hub.go:949.2,949.12 1 1
github.com/seppaleinen/infermesh/pkg/router/ws_hub.go:950.3,950.10 1 1
github.com/seppaleinen/infermesh/pkg/router/ws_hub.go:952.4,952.22 1 0
github.com/seppaleinen/infermesh/pkg/router/ws_hub.go:953.20,953.20 0 1
github.com/seppaleinen/infermesh/pkg/router/ws_hub.go:956.2,956.23 1 1
github.com/seppaleinen/infermesh/pkg/router/ws_hub.go:960.2,961.16 2 0
github.com/seppaleinen/infermesh/pkg/router/ws_hub.go:962.3,963.1 1 0
github.com/seppaleinen/infermesh/pkg/router/ws_hub.go:964.2,965.16 2 0
github.com/seppaleinen/infermesh/pkg/router/ws_hub.go:966.3,967.1 1 0
github.com/seppaleinen/infermesh/pkg/router/ws_hub.go:968.2,969.16 2 0
github.com/seppaleinen/infermesh/pkg/router/ws_hub.go:970.3,971.1 1 0
github.com/seppaleinen/infermesh/pkg/router/ws_hub.go:972.2,975.16 4 0
github.com/seppaleinen/infermesh/pkg/router/ws_hub.go:976.3,977.1 1 0
github.com/seppaleinen/infermesh/pkg/router/ws_hub.go:978.2,978.46 1 0
github.com/seppaleinen/infermesh/pkg/router/ws_hub.go:979.3,981.1 2 0
github.com/seppaleinen/infermesh/pkg/router/ws_hub.go:982.2,982.12 1 0
github.com/seppaleinen/infermesh/pkg/router/ws_hub.go:983.3,983.10 1 0
github.com/seppaleinen/infermesh/pkg/router/ws_hub.go:985.4,985.22 1 0
github.com/seppaleinen/infermesh/pkg/router/ws_hub.go:986.20,986.20 0 0
github.com/seppaleinen/infermesh/pkg/router/ws_hub.go:989.2,989.42 1 0
github.com/seppaleinen/infermesh/pkg/router/ws_hub.go:993.2,994.16 2 1
github.com/seppaleinen/infermesh/pkg/router/ws_hub.go:995.3,996.1 1 0
github.com/seppaleinen/infermesh/pkg/router/ws_hub.go:997.2,1000.16 4 1
github.com/seppaleinen/infermesh/pkg/router/ws_hub.go:1001.3,1002.1 1 0
github.com/seppaleinen/infermesh/pkg/router/ws_hub.go:1003.2,1003.46 1 1
github.com/seppaleinen/infermesh/pkg/router/ws_hub.go:1004.3,1006.1 2 0
github.com/seppaleinen/infermesh/pkg/router/ws_hub.go:1007.2,1007.12 1 1
github.com/seppaleinen/infermesh/pkg/router/ws_hub.go:1008.3,1008.10 1 1
github.com/seppaleinen/infermesh/pkg/router/ws_hub.go:1010.4,1010.22 1 0
github.com/seppaleinen/infermesh/pkg/router/ws_hub.go:1011.20,1011.20 0 1
github.com/seppaleinen/infermesh/pkg/router/ws_hub.go:1014.2,1014.9 1 1
github.com/seppaleinen/infermesh/pkg/router/ws_hub.go:1016.3,1016.10 1 1
github.com/seppaleinen/infermesh/pkg/router/ws_hub.go:1017.4,1018.1 1 0
github.com/seppaleinen/infermesh/pkg/router/ws_hub.go:1019.3,1020.45 2 1
github.com/seppaleinen/infermesh/pkg/router/ws_hub.go:1021.4,1022.1 1 0
github.com/seppaleinen/infermesh/pkg/router/ws_hub.go:1023.3,1023.20 1 1
github.com/seppaleinen/infermesh/pkg/router/ws_hub.go:1024.4,1025.1 1 0
github.com/seppaleinen/infermesh/pkg/router/ws_hub.go:1026.3,1026.23 1 1
github.com/seppaleinen/infermesh/pkg/router/ws_hub.go:1028.3,1028.20 1 0
github.com/seppaleinen/infermesh/pkg/router/ws_hub.go:1030.3,1030.26 1 0
github.com/seppaleinen/infermesh/pkg/router/ws_hub.go:1037.2,1038.1 1 0
github.com/seppaleinen/infermesh/pkg/router/ws_hub.go:1041.2,1043.1 2 0
github.com/seppaleinen/infermesh/pkg/router/ws_hub.go:1047.2,1047.6 1 0
github.com/seppaleinen/infermesh/pkg/router/ws_hub.go:1048.3,1048.10 1 0
github.com/seppaleinen/infermesh/pkg/router/ws_hub.go:1050.4,1050.11 1 0
github.com/seppaleinen/infermesh/pkg/router/ws_hub.go:1051.5,1052.1 1 0
github.com/seppaleinen/infermesh/pkg/router/ws_hub.go:1053.4,1054.46 2 0
github.com/seppaleinen/infermesh/pkg/router/ws_hub.go:1055.5,1056.1 1 0
github.com/seppaleinen/infermesh/pkg/router/ws_hub.go:1057.4,1057.21 1 0
github.com/seppaleinen/infermesh/pkg/router/ws_hub.go:1058.5,1059.1 1 0
github.com/seppaleinen/infermesh/pkg/router/ws_hub.go:1060.4,1060.27 1 0
github.com/seppaleinen/infermesh/pkg/router/ws_hub.go:1061.5,1062.1 1 0
github.com/seppaleinen/infermesh/pkg/router/ws_hub.go:1063.4,1063.14 1 0
github.com/seppaleinen/infermesh/pkg/router/ws_hub.go:1064.5,1065.1 1 0
github.com/seppaleinen/infermesh/pkg/router/ws_hub.go:1067.4,1067.19 1 0
github.com/seppaleinen/infermesh/pkg/router/ws_hub.go:1069.4,1069.25 1 0
github.com/seppaleinen/infermesh/pkg/router/ws_hub.go:1077.2,1079.1 2 1
github.com/seppaleinen/infermesh/pkg/router/ws_hub.go:1080.2,1080.50 2 1
github.com/seppaleinen/infermesh/pkg/router/ws_hub.go:1081.3,1082.1 1 0
github.com/seppaleinen/infermesh/pkg/router/ws_hub.go:1083.2,1083.87 1 1
github.com/seppaleinen/infermesh/pkg/router/ws_hub.go:1088.2,1089.49 2 0
github.com/seppaleinen/infermesh/pkg/router/ws_hub.go:1090.3,1091.1 1 0
github.com/seppaleinen/infermesh/pkg/router/ws_hub.go:1092.2,1093.24 2 0
github.com/seppaleinen/infermesh/pkg/router/ws_hub.go:1100.2,1101.16 2 0
github.com/seppaleinen/infermesh/pkg/router/ws_hub.go:1102.3,1103.1 1 0
github.com/seppaleinen/infermesh/pkg/router/ws_hub.go:1104.2,1105.16 2 0
github.com/seppaleinen/infermesh/pkg/router/ws_hub.go:1106.3,1107.1 1 0
github.com/seppaleinen/infermesh/pkg/router/ws_hub.go:1111.2,1112.56 2 0
github.com/seppaleinen/infermesh/pkg/router/ws_hub.go:1113.3,1115.1 2 0
github.com/seppaleinen/infermesh/pkg/router/ws_hub.go:1120.2,1125.1 9 0
github.com/seppaleinen/infermesh/pkg/router/ws_hub.go:1126.2,1127.1 9 0
github.com/seppaleinen/infermesh/pkg/router/ws_hub.go:1128.2,1130.12 9 0
github.com/seppaleinen/infermesh/pkg/router/ws_hub.go:1145.2,1146.6 2 0
github.com/seppaleinen/infermesh/pkg/router/ws_hub.go:1147.3,1147.23 1 0
github.com/seppaleinen/infermesh/pkg/router/ws_hub.go:1148.4,1149.1 1 0
github.com/seppaleinen/infermesh/pkg/router/ws_hub.go:1150.3,1150.47 1 0
github.com/seppaleinen/infermesh/pkg/router/ws_hub.go:1151.4,1152.31 2 0
github.com/seppaleinen/infermesh/pkg/router/ws_hub.go:1153.5,1154.1 1 0
github.com/seppaleinen/infermesh/pkg/router/ws_hub.go:1155.4,1156.31 2 0
github.com/seppaleinen/infermesh/pkg/router/ws_hub.go:1157.5,1158.1 1 0
github.com/seppaleinen/infermesh/pkg/router/ws_hub.go:1159.4,1159.12 1 0
github.com/seppaleinen/infermesh/pkg/router/ws_hub.go:1161.3,1165.10 5 0
github.com/seppaleinen/infermesh/pkg/router/ws_hub.go:1167.4,1167.51 1 0
github.com/seppaleinen/infermesh/pkg/router/ws_hub.go:1169.4,1169.10 1 0
github.com/seppaleinen/infermesh/pkg/router/ws_hub.go:1177.2,1177.9 1 0
github.com/seppaleinen/infermesh/pkg/router/ws_hub.go:1179.3,1179.15 1 0
github.com/seppaleinen/infermesh/pkg/router/ws_hub.go:1181.3,1181.14 1 0
github.com/seppaleinen/infermesh/pkg/router/ws_hub.go:1193.2,1196.17 4 0
github.com/seppaleinen/infermesh/pkg/router/ws_hub.go:1197.3,1199.1 2 0
github.com/seppaleinen/infermesh/pkg/router/ws_hub.go:1201.2,1201.15 1 0
github.com/seppaleinen/infermesh/pkg/router/ws_hub.go:1202.3,1203.26 2 0
github.com/seppaleinen/infermesh/pkg/router/ws_hub.go:1204.4,1205.1 1 0
github.com/seppaleinen/infermesh/pkg/router/ws_hub.go:1206.3,1207.18 2 0
github.com/seppaleinen/infermesh/pkg/router/ws_hub.go:1208.4,1209.1 1 0
github.com/seppaleinen/infermesh/pkg/router/ws_hub.go:1210.3,1210.41 1 0
github.com/seppaleinen/infermesh/pkg/router/ws_hub.go:1213.2,1213.6 1 0
github.com/seppaleinen/infermesh/pkg/router/ws_hub.go:1214.3,1214.10 1 0
github.com/seppaleinen/infermesh/pkg/router/ws_hub.go:1216.4,1216.10 1 0
github.com/seppaleinen/infermesh/pkg/router/ws_hub.go:1220.4,1220.10 1 0
github.com/seppaleinen/infermesh/pkg/router/ws_hub.go:1222.4,1222.11 1 0
github.com/seppaleinen/infermesh/pkg/router/ws_hub.go:1223.5,1224.1 1 0
github.com/seppaleinen/infermesh/pkg/router/ws_hub.go:1225.4,1225.54 1 0
github.com/seppaleinen/infermesh/pkg/router/ws_hub.go:1226.5,1228.1 2 0
github.com/seppaleinen/infermesh/pkg/router/ws_hub.go:1238.2,1241.1 4 0
github.com/seppaleinen/infermesh/pkg/router/ws_hub.go:1242.2,1242.15 4 0
github.com/seppaleinen/infermesh/pkg/router/ws_hub.go:1243.3,1244.26 2 0
github.com/seppaleinen/infermesh/pkg/router/ws_hub.go:1245.4,1246.1 1 0
github.com/seppaleinen/infermesh/pkg/router/ws_hub.go:1247.3,1248.18 2 0
github.com/seppaleinen/infermesh/pkg/router/ws_hub.go:1249.4,1250.1 1 0
github.com/seppaleinen/infermesh/pkg/router/ws_hub.go:1254.3,1256.37 3 0
github.com/seppaleinen/infermesh/pkg/router/ws_hub.go:1257.4,1258.1 1 0
github.com/seppaleinen/infermesh/pkg/router/ws_hub.go:1259.3,1260.27 2 0
github.com/seppaleinen/infermesh/pkg/router/ws_hub.go:1261.4,1262.1 1 0
github.com/seppaleinen/infermesh/pkg/router/ws_hub.go:1263.3,1264.41 2 0
github.com/seppaleinen/infermesh/pkg/router/ws_hub.go:1267.2,1267.6 1 0
github.com/seppaleinen/infermesh/pkg/router/ws_hub.go:1268.3,1268.90 1 0
github.com/seppaleinen/infermesh/pkg/router/ws_hub.go:1269.4,1270.1 1 0
github.com/seppaleinen/infermesh/pkg/router/ws_hub.go:1271.3,1272.56 2 0
github.com/seppaleinen/infermesh/pkg/router/ws_hub.go:1273.4,1273.49 1 0
github.com/seppaleinen/infermesh/pkg/router/ws_hub.go:1274.5,1275.1 1 0
github.com/seppaleinen/infermesh/pkg/router/ws_hub.go:1276.5,1277.1 1 0
github.com/seppaleinen/infermesh/pkg/router/ws_hub.go:1278.4,1278.10 1 0
github.com/seppaleinen/infermesh/pkg/router/ws_hub.go:1282.3,1282.39 1 0
github.com/seppaleinen/infermesh/pkg/router/ws_hub.go:1283.4,1284.12 2 0
github.com/seppaleinen/infermesh/pkg/router/ws_hub.go:1289.3,1290.19 2 0
github.com/seppaleinen/infermesh/pkg/router/ws_hub.go:1293.4,1293.40 1 0
github.com/seppaleinen/infermesh/pkg/router/ws_hub.go:1300.3,1300.25 1 0
[...]
github.com/seppaleinen/infermesh/pkg/worker/server.go:289.3,289.13 4 0
github.com/seppaleinen/infermesh/pkg/worker/server.go:290.4,292.1 2 0
github.com/seppaleinen/infermesh/pkg/worker/server.go:294.3,294.44 1 0
github.com/seppaleinen/infermesh/pkg/worker/server.go:297.2,300.1 3 1
github.com/seppaleinen/infermesh/pkg/worker/server.go:302.2,303.1 3 1
github.com/seppaleinen/infermesh/pkg/worker/server.go:304.2,304.12 3 1
github.com/seppaleinen/infermesh/pkg/worker/server.go:305.3,307.1 2 1
github.com/seppaleinen/infermesh/pkg/worker/server.go:309.2,309.34 1 1
github.com/seppaleinen/infermesh/pkg/worker/server.go:314.2,314.21 1 0
github.com/seppaleinen/infermesh/pkg/worker/server.go:315.3,316.1 1 0
github.com/seppaleinen/infermesh/pkg/worker/server.go:317.2,317.15 1 0
github.com/seppaleinen/infermesh/pkg/worker/server.go:321.2,323.1 2 1
github.com/seppaleinen/infermesh/pkg/worker/server.go:327.2,328.1 3 1
github.com/seppaleinen/infermesh/pkg/worker/server.go:330.2,331.16 3 1
github.com/seppaleinen/infermesh/pkg/worker/server.go:332.3,334.1 2 0
github.com/seppaleinen/infermesh/pkg/worker/server.go:336.2,344.1 3 1
github.com/seppaleinen/infermesh/pkg/worker/server.go:348.2,349.1 3 1
github.com/seppaleinen/infermesh/pkg/worker/server.go:350.2,350.58 3 1
github.com/seppaleinen/infermesh/pkg/worker/server.go:351.3,353.1 2 0
github.com/seppaleinen/infermesh/pkg/worker/server.go:357.2,365.1 8 1
github.com/seppaleinen/infermesh/pkg/worker/server.go:370.2,373.1 5 1
github.com/seppaleinen/infermesh/pkg/worker/server.go:375.2,376.61 5 1
github.com/seppaleinen/infermesh/pkg/worker/server.go:377.3,380.1 3 0
github.com/seppaleinen/infermesh/pkg/worker/server.go:383.2,384.1 2 1
github.com/seppaleinen/infermesh/pkg/worker/server.go:386.2,386.22 2 1
github.com/seppaleinen/infermesh/pkg/worker/server.go:387.3,390.1 3 0
github.com/seppaleinen/infermesh/pkg/worker/server.go:393.2,393.28 1 1
github.com/seppaleinen/infermesh/pkg/worker/server.go:394.3,397.1 3 0
github.com/seppaleinen/infermesh/pkg/worker/server.go:400.2,401.9 2 1
github.com/seppaleinen/infermesh/pkg/worker/server.go:402.3,405.1 3 0
github.com/seppaleinen/infermesh/pkg/worker/server.go:408.2,411.1 4 1
github.com/seppaleinen/infermesh/pkg/worker/server.go:412.2,412.12 4 1
github.com/seppaleinen/infermesh/pkg/worker/server.go:413.3,415.1 3 1
github.com/seppaleinen/infermesh/pkg/worker/server.go:416.3,416.17 3 1
github.com/seppaleinen/infermesh/pkg/worker/server.go:420.4,421.1 1 1
github.com/seppaleinen/infermesh/pkg/worker/server.go:423.3,424.17 2 1
github.com/seppaleinen/infermesh/pkg/worker/server.go:425.4,427.1 2 0
github.com/seppaleinen/infermesh/pkg/worker/server.go:428.3,428.23 1 1
github.com/seppaleinen/infermesh/pkg/worker/server.go:432.2,432.6 1 1
github.com/seppaleinen/infermesh/pkg/worker/server.go:433.3,433.10 1 1
github.com/seppaleinen/infermesh/pkg/worker/server.go:435.4,435.11 1 0
github.com/seppaleinen/infermesh/pkg/worker/server.go:437.5,440.1 3 0
github.com/seppaleinen/infermesh/pkg/worker/server.go:441.4,441.18 1 0
github.com/seppaleinen/infermesh/pkg/worker/server.go:442.5,448.1 6 0
github.com/seppaleinen/infermesh/pkg/worker/server.go:450.4,450.11 1 1
github.com/seppaleinen/infermesh/pkg/worker/server.go:452.5,455.1 3 1
github.com/seppaleinen/infermesh/pkg/worker/server.go:456.4,456.28 1 1
github.com/seppaleinen/infermesh/pkg/worker/server.go:458.5,459.19 2 1
github.com/seppaleinen/infermesh/pkg/worker/server.go:460.6,463.1 3 0
github.com/seppaleinen/infermesh/pkg/worker/server.go:464.5,465.20 2 1
github.com/seppaleinen/infermesh/pkg/worker/server.go:467.5,468.19 2 0
github.com/seppaleinen/infermesh/pkg/worker/server.go:469.6,472.1 3 0
github.com/seppaleinen/infermesh/pkg/worker/server.go:473.5,474.20 2 0
github.com/seppaleinen/infermesh/pkg/worker/server.go:477.4,477.10 1 0
github.com/seppaleinen/infermesh/pkg/worker/server.go:485.2,488.1 5 1
github.com/seppaleinen/infermesh/pkg/worker/server.go:490.2,491.61 5 1
github.com/seppaleinen/infermesh/pkg/worker/server.go:492.3,495.1 3 0
github.com/seppaleinen/infermesh/pkg/worker/server.go:498.2,498.22 1 1
github.com/seppaleinen/infermesh/pkg/worker/server.go:499.3,502.1 3 0
github.com/seppaleinen/infermesh/pkg/worker/server.go:505.2,505.28 1 1
github.com/seppaleinen/infermesh/pkg/worker/server.go:506.3,509.1 3 0
github.com/seppaleinen/infermesh/pkg/worker/server.go:512.2,513.9 2 1
github.com/seppaleinen/infermesh/pkg/worker/server.go:514.3,517.1 3 0
github.com/seppaleinen/infermesh/pkg/worker/server.go:520.2,523.1 4 1
github.com/seppaleinen/infermesh/pkg/worker/server.go:524.2,524.12 4 1
github.com/seppaleinen/infermesh/pkg/worker/server.go:525.3,527.1 3 1
github.com/seppaleinen/infermesh/pkg/worker/server.go:528.3,528.17 3 1
github.com/seppaleinen/infermesh/pkg/worker/server.go:529.4,530.1 1 1
github.com/seppaleinen/infermesh/pkg/worker/server.go:532.3,533.17 2 1
github.com/seppaleinen/infermesh/pkg/worker/server.go:534.4,536.1 2 0
github.com/seppaleinen/infermesh/pkg/worker/server.go:537.3,537.23 1 1
github.com/seppaleinen/infermesh/pkg/worker/server.go:541.2,541.6 1 1
github.com/seppaleinen/infermesh/pkg/worker/server.go:542.3,542.10 1 1
github.com/seppaleinen/infermesh/pkg/worker/server.go:544.4,544.11 1 1
github.com/seppaleinen/infermesh/pkg/worker/server.go:546.5,549.1 3 1
github.com/seppaleinen/infermesh/pkg/worker/server.go:550.4,550.18 1 0
github.com/seppaleinen/infermesh/pkg/worker/server.go:551.5,557.1 6 0
github.com/seppaleinen/infermesh/pkg/worker/server.go:559.4,559.11 1 1
github.com/seppaleinen/infermesh/pkg/worker/server.go:561.5,564.1 3 0
github.com/seppaleinen/infermesh/pkg/worker/server.go:565.4,565.28 1 1
github.com/seppaleinen/infermesh/pkg/worker/server.go:567.5,568.19 2 1
github.com/seppaleinen/infermesh/pkg/worker/server.go:569.6,572.1 3 0
github.com/seppaleinen/infermesh/pkg/worker/server.go:573.5,574.20 2 1
github.com/seppaleinen/infermesh/pkg/worker/server.go:577.4,577.10 1 0
github.com/seppaleinen/infermesh/pkg/worker/server.go:584.2,586.17 3 1
github.com/seppaleinen/infermesh/pkg/worker/server.go:587.3,588.1 1 0
github.com/seppaleinen/infermesh/pkg/worker/server.go:589.2,590.60 2 1
github.com/seppaleinen/infermesh/pkg/worker/server.go:591.3,593.1 2 0
github.com/seppaleinen/infermesh/pkg/worker/server.go:601.2,601.29 1 0
github.com/seppaleinen/infermesh/pkg/worker/server.go:602.3,602.21 1 0
github.com/seppaleinen/infermesh/pkg/worker/server.go:603.4,605.1 2 0
github.com/seppaleinen/infermesh/pkg/worker/server.go:607.2,607.33 1 0
github.com/seppaleinen/infermesh/pkg/worker/server.go:612.2,612.33 1 0
github.com/seppaleinen/infermesh/pkg/worker/server.go:613.3,615.1 2 0
github.com/seppaleinen/infermesh/pkg/worker/server.go:617.2,619.1 2 0
github.com/seppaleinen/infermesh/pkg/worker/server.go:620.2,620.61 2 0
github.com/seppaleinen/infermesh/pkg/worker/server.go:621.3,623.1 2 0
github.com/seppaleinen/infermesh/pkg/worker/server.go:625.2,626.29 2 0
github.com/seppaleinen/infermesh/pkg/worker/server.go:627.3,627.26 1 0
github.com/seppaleinen/infermesh/pkg/worker/server.go:628.4,629.1 3 0
github.com/seppaleinen/infermesh/pkg/worker/server.go:630.4,631.9 3 0
github.com/seppaleinen/infermesh/pkg/worker/server.go:635.2,635.12 1 0
github.com/seppaleinen/infermesh/pkg/worker/server.go:636.3,638.1 2 0
github.com/seppaleinen/infermesh/pkg/worker/server.go:640.2,642.56 3 0
github.com/seppaleinen/infermesh/pkg/worker/server.go:643.3,644.1 1 0
github.com/seppaleinen/infermesh/pkg/worker/server.go:649.2,649.61 1 1
github.com/seppaleinen/infermesh/pkg/worker/server.go:650.3,651.1 1 1
github.com/seppaleinen/infermesh/pkg/worker/server.go:653.2,655.1 3 1
github.com/seppaleinen/infermesh/pkg/worker/server.go:656.2,656.6 3 1
github.com/seppaleinen/infermesh/pkg/worker/server.go:657.3,657.10 1 1
github.com/seppaleinen/infermesh/pkg/worker/server.go:659.4,659.10 1 1
github.com/seppaleinen/infermesh/pkg/worker/server.go:661.4,661.24 1 1
github.com/seppaleinen/infermesh/pkg/worker/server.go:662.5,662.13 1 1
github.com/seppaleinen/infermesh/pkg/worker/server.go:665.4,665.50 1 1
github.com/seppaleinen/infermesh/pkg/worker/server.go:669.5,671.1 2 1
github.com/seppaleinen/infermesh/pkg/worker/server.go:675.5,677.1 2 1
github.com/seppaleinen/infermesh/pkg/worker/ws_client.go:53.2,53.30 1 0
github.com/seppaleinen/infermesh/pkg/worker/ws_client.go:54.3,55.1 1 0
github.com/seppaleinen/infermesh/pkg/worker/ws_client.go:56.2,56.30 1 0
github.com/seppaleinen/infermesh/pkg/worker/ws_client.go:57.3,58.1 1 0
github.com/seppaleinen/infermesh/pkg/worker/ws_client.go:59.2,59.25 1 0
github.com/seppaleinen/infermesh/pkg/worker/ws_client.go:60.3,61.1 1 0
github.com/seppaleinen/infermesh/pkg/worker/ws_client.go:62.2,62.10 1 0
github.com/seppaleinen/infermesh/pkg/worker/ws_client.go:70.2,71.1 3 0
github.com/seppaleinen/infermesh/pkg/worker/ws_client.go:72.2,73.16 3 0
github.com/seppaleinen/infermesh/pkg/worker/ws_client.go:74.3,76.1 2 0
github.com/seppaleinen/infermesh/pkg/worker/ws_client.go:78.2,79.6 2 0
github.com/seppaleinen/infermesh/pkg/worker/ws_client.go:80.3,80.23 1 0
github.com/seppaleinen/infermesh/pkg/worker/ws_client.go:81.4,82.1 1 0
github.com/seppaleinen/infermesh/pkg/worker/ws_client.go:83.3,84.23 2 0
github.com/seppaleinen/infermesh/pkg/worker/ws_client.go:85.4,86.1 1 0
github.com/seppaleinen/infermesh/pkg/worker/ws_client.go:87.3,89.10 2 0
github.com/seppaleinen/infermesh/pkg/worker/ws_client.go:91.4,91.10 1 0
github.com/seppaleinen/infermesh/pkg/worker/ws_client.go:92.28,92.28 0 0
github.com/seppaleinen/infermesh/pkg/worker/ws_client.go:94.3,94.52 1 0
github.com/seppaleinen/infermesh/pkg/worker/ws_client.go:103.2,104.9 2 0
github.com/seppaleinen/infermesh/pkg/worker/ws_client.go:106.3,106.49 1 0
github.com/seppaleinen/infermesh/pkg/worker/ws_client.go:108.3,108.51 1 0
github.com/seppaleinen/infermesh/pkg/worker/ws_client.go:110.3,110.18 1 0
github.com/seppaleinen/infermesh/pkg/worker/ws_client.go:112.2,113.16 2 0
github.com/seppaleinen/infermesh/pkg/worker/ws_client.go:114.3,115.1 1 0
github.com/seppaleinen/infermesh/pkg/worker/ws_client.go:116.2,116.35 1 0
github.com/seppaleinen/infermesh/pkg/worker/ws_client.go:117.3,118.1 1 0
github.com/seppaleinen/infermesh/pkg/worker/ws_client.go:119.2,121.24 3 0
github.com/seppaleinen/infermesh/pkg/worker/ws_client.go:127.2,127.15 1 0
github.com/seppaleinen/infermesh/pkg/worker/ws_client.go:128.3,129.1 1 0
github.com/seppaleinen/infermesh/pkg/worker/ws_client.go:130.2,131.27 2 0
github.com/seppaleinen/infermesh/pkg/worker/ws_client.go:132.3,133.1 1 0
github.com/seppaleinen/infermesh/pkg/worker/ws_client.go:134.2,135.70 2 0
github.com/seppaleinen/infermesh/pkg/worker/ws_client.go:141.2,142.16 2 0
github.com/seppaleinen/infermesh/pkg/worker/ws_client.go:143.3,144.1 1 0
github.com/seppaleinen/infermesh/pkg/worker/ws_client.go:145.2,145.15 1 0
github.com/seppaleinen/infermesh/pkg/worker/ws_client.go:145.17,145.41 1 0
github.com/seppaleinen/infermesh/pkg/worker/ws_client.go:146.2,147.1 4 0
github.com/seppaleinen/infermesh/pkg/worker/ws_client.go:148.2,149.1 4 0
github.com/seppaleinen/infermesh/pkg/worker/ws_client.go:150.2,151.16 4 0
github.com/seppaleinen/infermesh/pkg/worker/ws_client.go:152.3,153.1 1 0
github.com/seppaleinen/infermesh/pkg/worker/ws_client.go:154.2,154.46 1 0
github.com/seppaleinen/infermesh/pkg/worker/ws_client.go:155.3,156.1 1 0
github.com/seppaleinen/infermesh/pkg/worker/ws_client.go:160.2,162.1 3 0
github.com/seppaleinen/infermesh/pkg/worker/ws_client.go:164.2,164.12 3 0
github.com/seppaleinen/infermesh/pkg/worker/ws_client.go:165.3,165.10 1 0
github.com/seppaleinen/infermesh/pkg/worker/ws_client.go:167.4,167.26 1 0
github.com/seppaleinen/infermesh/pkg/worker/ws_client.go:168.25,168.25 0 0
github.com/seppaleinen/infermesh/pkg/worker/ws_client.go:172.2,173.1 4 0
github.com/seppaleinen/infermesh/pkg/worker/ws_client.go:174.2,176.12 4 0
github.com/seppaleinen/infermesh/pkg/worker/ws_client.go:190.2,192.19 3 0
github.com/seppaleinen/infermesh/pkg/worker/ws_client.go:193.3,193.84 1 0
github.com/seppaleinen/infermesh/pkg/worker/ws_client.go:194.4,195.1 1 0
github.com/seppaleinen/infermesh/pkg/worker/ws_client.go:197.2,197.35 1 0
github.com/seppaleinen/infermesh/pkg/worker/ws_client.go:204.2,206.6 3 0
github.com/seppaleinen/infermesh/pkg/worker/ws_client.go:207.3,207.10 1 0
github.com/seppaleinen/infermesh/pkg/worker/ws_client.go:209.4,209.10 1 0
github.com/seppaleinen/infermesh/pkg/worker/ws_client.go:211.4,212.18 2 0
github.com/seppaleinen/infermesh/pkg/worker/ws_client.go:213.5,214.13 2 0
github.com/seppaleinen/infermesh/pkg/worker/ws_client.go:216.4,216.40 1 0
github.com/seppaleinen/infermesh/pkg/worker/ws_client.go:217.5,220.1 3 0
github.com/seppaleinen/infermesh/pkg/worker/ws_client.go:229.2,229.6 1 0
github.com/seppaleinen/infermesh/pkg/worker/ws_client.go:230.3,232.56 3 0
github.com/seppaleinen/infermesh/pkg/worker/ws_client.go:233.4,233.24 1 0
github.com/seppaleinen/infermesh/pkg/worker/ws_client.go:234.5,235.1 1 0
github.com/seppaleinen/infermesh/pkg/worker/ws_client.go:236.4,236.41 1 0
github.com/seppaleinen/infermesh/pkg/worker/ws_client.go:238.3,239.17 2 0
github.com/seppaleinen/infermesh/pkg/worker/ws_client.go:240.4,241.1 1 0
github.com/seppaleinen/infermesh/pkg/worker/ws_client.go:242.3,242.18 1 0
github.com/seppaleinen/infermesh/pkg/worker/ws_client.go:243.4,244.1 1 0
github.com/seppaleinen/infermesh/pkg/worker/ws_client.go:251.2,251.18 1 0
github.com/seppaleinen/infermesh/pkg/worker/ws_client.go:253.3,254.41 2 0
github.com/seppaleinen/infermesh/pkg/worker/ws_client.go:255.4,256.1 1 0
github.com/seppaleinen/infermesh/pkg/worker/ws_client.go:258.3,258.50 1 0
github.com/seppaleinen/infermesh/pkg/worker/ws_client.go:260.3,260.55 1 0
github.com/seppaleinen/infermesh/pkg/worker/ws_client.go:262.3,265.19 4 0
github.com/seppaleinen/infermesh/pkg/worker/ws_client.go:267.3,269.74 3 0
github.com/seppaleinen/infermesh/pkg/worker/ws_client.go:271.3,271.68 1 0
github.com/seppaleinen/infermesh/pkg/worker/ws_client.go:273.2,273.19 1 0
github.com/seppaleinen/infermesh/pkg/worker/ws_client.go:277.2,277.38 1 0
github.com/seppaleinen/infermesh/pkg/worker/ws_client.go:278.3,280.1 2 0
github.com/seppaleinen/infermesh/pkg/worker/ws_client.go:281.2,282.46 2 0
github.com/seppaleinen/infermesh/pkg/worker/ws_client.go:283.3,285.1 2 0
github.com/seppaleinen/infermesh/pkg/worker/ws_client.go:286.2,286.16 1 0
github.com/seppaleinen/infermesh/pkg/worker/ws_client.go:288.3,288.49 1 0
github.com/seppaleinen/infermesh/pkg/worker/ws_client.go:290.3,290.55 1 0
github.com/seppaleinen/infermesh/pkg/worker/ws_client.go:292.3,292.78 1 0
github.com/seppaleinen/infermesh/pkg/worker/ws_client.go:297.2,298.53 2 0
github.com/seppaleinen/infermesh/pkg/worker/ws_client.go:299.3,301.1 2 0
github.com/seppaleinen/infermesh/pkg/worker/ws_client.go:302.2,302.16 1 0
github.com/seppaleinen/infermesh/pkg/worker/ws_client.go:303.3,304.61 1 0
github.com/seppaleinen/infermesh/pkg/worker/ws_client.go:305.5,306.1 1 0
github.com/seppaleinen/infermesh/pkg/worker/ws_client.go:308.5,310.1 2 0
github.com/seppaleinen/infermesh/pkg/worker/ws_client.go:312.3,312.9 1 0
github.com/seppaleinen/infermesh/pkg/worker/ws_client.go:314.2,315.16 2 0
github.com/seppaleinen/infermesh/pkg/worker/ws_client.go:316.3,318.1 2 0
github.com/seppaleinen/infermesh/pkg/worker/ws_client.go:319.2,320.16 2 0
github.com/seppaleinen/infermesh/pkg/worker/ws_client.go:321.3,323.1 2 0
github.com/seppaleinen/infermesh/pkg/worker/ws_client.go:324.2,324.37 1 0
github.com/seppaleinen/infermesh/pkg/worker/ws_client.go:328.2,329.53 2 0
github.com/seppaleinen/infermesh/pkg/worker/ws_client.go:330.3,332.1 2 0
github.com/seppaleinen/infermesh/pkg/worker/ws_client.go:333.2,333.16 1 0
github.com/seppaleinen/infermesh/pkg/worker/ws_client.go:334.3,335.67 1 0
github.com/seppaleinen/infermesh/pkg/worker/ws_client.go:336.5,337.1 1 0
github.com/seppaleinen/infermesh/pkg/worker/ws_client.go:339.5,341.1 2 0
github.com/seppaleinen/infermesh/pkg/worker/ws_client.go:343.3,343.9 1 0
github.com/seppaleinen/infermesh/pkg/worker/ws_client.go:345.2,346.16 2 0
github.com/seppaleinen/infermesh/pkg/worker/ws_client.go:347.3,349.1 2 0
github.com/seppaleinen/infermesh/pkg/worker/ws_client.go:350.2,351.16 2 0
github.com/seppaleinen/infermesh/pkg/worker/ws_client.go:352.3,354.1 2 0
github.com/seppaleinen/infermesh/pkg/worker/ws_client.go:355.2,355.37 1 0
github.com/seppaleinen/infermesh/pkg/worker/ws_client.go:368.2,369.1 2 0
github.com/seppaleinen/infermesh/pkg/worker/ws_client.go:370.2,370.9 2 0
github.com/seppaleinen/infermesh/pkg/worker/ws_client.go:372.3,372.10 1 0
github.com/seppaleinen/infermesh/pkg/worker/ws_client.go:373.4,375.1 2 0
github.com/seppaleinen/infermesh/pkg/worker/ws_client.go:376.3,376.57 1 0
github.com/seppaleinen/infermesh/pkg/worker/ws_client.go:377.4,378.1 1 0
github.com/seppaleinen/infermesh/pkg/worker/ws_client.go:380.3,380.23 1 0
github.com/seppaleinen/infermesh/pkg/worker/ws_client.go:381.4,383.1 2 0
github.com/seppaleinen/infermesh/pkg/worker/ws_client.go:384.3,385.9 2 0
github.com/seppaleinen/infermesh/pkg/worker/ws_client.go:387.3,388.17 2 0
github.com/seppaleinen/infermesh/pkg/worker/ws_client.go:389.4,391.1 2 0
github.com/seppaleinen/infermesh/pkg/worker/ws_client.go:392.3,393.17 2 0
github.com/seppaleinen/infermesh/pkg/worker/ws_client.go:394.4,396.1 2 0
github.com/seppaleinen/infermesh/pkg/worker/ws_client.go:397.3,398.9 2 0
github.com/seppaleinen/infermesh/pkg/worker/ws_client.go:400.3,400.9 1 0
github.com/seppaleinen/infermesh/pkg/worker/ws_client.go:403.2,403.6 1 0
github.com/seppaleinen/infermesh/pkg/worker/ws_client.go:404.3,404.10 1 0
github.com/seppaleinen/infermesh/pkg/worker/ws_client.go:406.4,406.11 1 0
github.com/seppaleinen/infermesh/pkg/worker/ws_client.go:407.5,409.1 2 0
github.com/seppaleinen/infermesh/pkg/worker/ws_client.go:410.4,410.58 1 0
github.com/seppaleinen/infermesh/pkg/worker/ws_client.go:411.5,412.1 1 0
github.com/seppaleinen/infermesh/pkg/worker/ws_client.go:414.4,414.24 1 0
github.com/seppaleinen/infermesh/pkg/worker/ws_client.go:415.5,417.1 2 0
github.com/seppaleinen/infermesh/pkg/worker/ws_client.go:418.4,419.10 2 0
github.com/seppaleinen/infermesh/pkg/worker/ws_client.go:421.4,421.10 1 0
github.com/seppaleinen/infermesh/pkg/worker/ws_client.go:427.2,428.46 2 0
github.com/seppaleinen/infermesh/pkg/worker/ws_client.go:429.3,431.1 2 0
github.com/seppaleinen/infermesh/pkg/worker/ws_client.go:433.2,434.16 2 0
github.com/seppaleinen/infermesh/pkg/worker/ws_client.go:435.3,436.1 1 0
github.com/seppaleinen/infermesh/pkg/worker/ws_client.go:437.3,438.1 1 0
github.com/seppaleinen/infermesh/pkg/worker/ws_client.go:440.2,441.16 2 0
github.com/seppaleinen/infermesh/pkg/worker/ws_client.go:442.3,444.1 2 0
github.com/seppaleinen/infermesh/pkg/worker/ws_client.go:445.2,446.39 2 0
github.com/seppaleinen/infermesh/pkg/worker/ws_client.go:447.3,448.1 1 0
github.com/seppaleinen/infermesh/pkg/worker/ws_client.go:453.2,454.16 2 0
github.com/seppaleinen/infermesh/pkg/worker/ws_client.go:455.3,457.1 2 0
github.com/seppaleinen/infermesh/pkg/worker/ws_client.go:458.2,460.16 3 0
github.com/seppaleinen/infermesh/pkg/worker/ws_client.go:461.3,463.1 2 0
github.com/seppaleinen/infermesh/pkg/worker/ws_client.go:464.2,465.22 2 0
github.com/seppaleinen/infermesh/pkg/worker/ws_client.go:471.2,472.23 2 0
github.com/seppaleinen/infermesh/pkg/worker/ws_client.go:473.3,474.1 1 0
github.com/seppaleinen/infermesh/pkg/worker/ws_client.go:475.2,477.16 3 0
github.com/seppaleinen/infermesh/pkg/worker/ws_client.go:478.3,479.1 1 0
github.com/seppaleinen/infermesh/pkg/worker/ws_client.go:480.2,481.22 2 0
github.com/seppaleinen/infermesh/pkg/worker/ws_client.go:487.2,490.23 4 0
github.com/seppaleinen/infermesh/pkg/worker/ws_client.go:491.3,492.1 1 0
github.com/seppaleinen/infermesh/pkg/worker/ws_client.go:493.2,494.22 2 0
github.com/seppaleinen/infermesh/pkg/worker/ws_client.go:499.2,502.23 4 0
github.com/seppaleinen/infermesh/pkg/worker/ws_client.go:503.3,504.1 1 0
github.com/seppaleinen/infermesh/pkg/worker/ws_client.go:505.2,506.22 2 0
